{"meta": {"format": 3, "version": "7.11.0", "timestamp": "2026-02-02T00:53:59.162014", "branch_coverage": false, "show_contexts": false}, "files": {"conftest.py": {"executed_lines": [4, 5, 6, 8, 11, 18, 19, 25, 28, 30, 36, 37, 39, 40, 43, 44], "summary": {"covered_lines": 16, "num_statements": 20, "percent_covered": 80.0, "percent_covered_display": "80", "missing_lines": 4, "excluded_lines": 0}, "missing_lines": [21, 23, 45, 46], "excluded_lines": [], "functions": {"pytest_pyfunc_call": {"executed_lines": [18, 19, 25], "summary": {"covered_lines": 3, "num_statements": 5, "percent_covered": 60.0, "percent_covered_display": "60", "missing_lines": 2, "excluded_lines": 0}, "missing_lines": [21, 23], "excluded_lines": []}, "pytest_configure": {"executed_lines": [30, 36, 37, 39, 40, 43, 44], "summary": {"covered_lines": 7, "num_statements": 9, "percent_covered": 77.77777777777777, "percent_covered_display": "78", "missing_lines": 2, "excluded_lines": 0}, "missing_lines": [45, 46], "excluded_lines": []}, "": {"executed_lines": [4, 5, 6, 8, 11, 28], "summary": {"covered_lines": 6, "num_statements": 6, "percent_covered": 100.0, "percent_covered_display": "100", "missing_lines": 0, "excluded_lines": 0}, "missing_lines": [], "excluded_lines": []}}, "classes": {"": {"executed_lines": [4, 5, 6, 8, 11, 18, 19, 25, 28, 30, 36, 37, 39, 40, 43, 44], "summary": {"covered_lines": 16, "num_statements": 20, "percent_covered": 80.0, "percent_covered_display": "80", "missing_lines": 4, "excluded_lines": 0}, "missing_lines": [21, 23, 45, 46], "excluded_lines": []}}}, "src\\LOGGING\\modular_logging_system.py": {"executed_lines": [1, 17, 18, 19, 20, 21, 22, 23, 24, 25, 27, 28, 29, 30, 32, 39, 40, 41, 43, 44, 50, 52, 53, 54, 56, 59, 61, 62, 67, 68, 73, 74, 81, 82, 83, 84, 85, 87, 89, 90, 91, 92, 93, 95, 97, 98, 101, 102, 112, 121, 123, 124, 131, 132, 135, 138, 140, 141, 144, 145, 148, 150, 151, 161, 164, 165, 166, 167, 169, 170, 174, 175, 176, 179, 180, 183, 191, 251, 257, 263, 269, 275, 302, 331, 344, 357, 417], "summary": {"covered_lines": 78, "num_statements": 168, "percent_covered": 46.42857142857143, "percent_covered_display": "46", "missing_lines": 90, "excluded_lines": 14}, "missing_lines": [55, 63, 64, 65, 66, 69, 70, 125, 127, 128, 133, 142, 143, 185, 186, 187, 188, 193, 194, 196, 197, 198, 209, 217, 218, 219, 220, 222, 226, 229, 234, 253, 254, 259, 260, 265, 266, 271, 272, 292, 293, 299, 319, 320, 321, 322, 323, 324, 325, 326, 328, 340, 341, 353, 354, 365, 366, 367, 368, 369, 371, 372, 373, 374, 375, 376, 378, 380, 381, 383, 384, 385, 386, 388, 390, 391, 392, 393, 395, 396, 397, 398, 399, 406, 407, 408, 410, 412, 413, 414], "excluded_lines": [32, 33, 34, 36, 37, 38, 39, 40, 41, 43, 44, 45, 46, 47], "functions": {"_dedup_window_key": {"executed_lines": [52, 53, 54, 56], "summary": {"covered_lines": 4, "num_statements": 5, "percent_covered": 80.0, "percent_covered_display": "80", "missing_lines": 1, "excluded_lines": 0}, "missing_lines": [55], "excluded_lines": []}, "_dedup_window_for_logger": {"executed_lines": [61, 62, 67, 68], "summary": {"covered_lines": 4, "num_statements": 10, "percent_covered": 40.0, "percent_covered_display": "40", "missing_lines": 6, "excluded_lines": 0}, "missing_lines": [63, 64, 65, 66, 69, 70], "excluded_lines": []}, "DuplicateMessageFilter.__init__": {"executed_lines": [82, 83, 84, 85], "summary": {"covered_lines": 4, "num_statements": 4, "percent_covered": 100.0, "percent_covered_display": "100", "missing_lines": 0, "excluded_lines": 0}, "missing_lines": [], "excluded_lines": []}, "DuplicateMessageFilter.filter": {"executed_lines": [89, 90, 91, 92, 93, 95, 97, 98], "summary": {"covered_lines": 8, "num_statements": 8, "percent_covered": 100.0, "percent_covered_display": "100", "missing_lines": 0, "excluded_lines": 0}, "missing_lines": [], "excluded_lines": []}, "OTELNoiseSuppressor.filter": {"executed_lines": [123, 124, 131, 132, 135], "summary": {"covered_lines": 5, "num_statements": 9, "percent_covered": 55.55555555555556, "percent_covered_display": "56", "missing_lines": 4, "excluded_lines": 0}, "missing_lines": [125, 127, 128, 133], "excluded_lines": []}, "_install_duplicate_filter": {"executed_lines": [140, 141, 144, 145, 148, 150, 151], "summary": {"covered_lines": 7, "num_statements": 9, "percent_covered": 77.77777777777777, "percent_covered_display": "78", "missing_lines": 2, "excluded_lines": 0}, "missing_lines": [142, 143], "excluded_lines": []}, "_install_otel_suppressor": {"executed_lines": [164, 165, 166, 167, 169, 170], "summary": {"covered_lines": 6, "num_statements": 6, "percent_covered": 100.0, "percent_covered_display": "100", "missing_lines": 0, "excluded_lines": 0}, "missing_lines": [], "excluded_lines": []}, "get_logger": {"executed_lines": [], "summary": {"covered_lines": 0, "num_statements": 4, "percent_covered": 0.0, "percent_covered_display": "0", "missing_lines": 4, "excluded_lines": 0}, "missing_lines": [185, 186, 187, 188], "excluded_lines": []}, "get_dedup_status": {"executed_lines": [], "summary": {"covered_lines": 0, "num_statements": 14, "percent_covered": 0.0, "percent_covered_display": "0", "missing_lines": 14, "excluded_lines": 0}, "missing_lines": [193, 194, 196, 197, 198, 209, 217, 218, 219, 220, 222, 226, 229, 234], "excluded_lines": []}, "log_info": {"executed_lines": [], "summary": {"covered_lines": 0, "num_statements": 2, "percent_covered": 0.0, "percent_covered_display": "0", "missing_lines": 2, "excluded_lines": 0}, "missing_lines": [253, 254], "excluded_lines": []}, "log_debug": {"executed_lines": [], "summary": {"covered_lines": 0, "num_statements": 2, "percent_covered": 0.0, "percent_covered_display": "0", "missing_lines": 2, "excluded_lines": 0}, "missing_lines": [259, 260], "excluded_lines": []}, "log_error": {"executed_lines": [], "summary": {"covered_lines": 0, "num_statements": 2, "percent_covered": 0.0, "percent_covered_display": "0", "missing_lines": 2, "excluded_lines": 0}, "missing_lines": [265, 266], "excluded_lines": []}, "log_warning": {"executed_lines": [], "summary": {"covered_lines": 0, "num_statements": 2, "percent_covered": 0.0, "percent_covered_display": "0", "missing_lines": 2, "excluded_lines": 0}, "missing_lines": [271, 272], "excluded_lines": []}, "log_subprocess_event": {"executed_lines": [], "summary": {"covered_lines": 0, "num_statements": 3, "percent_covered": 0.0, "percent_covered_display": "0", "missing_lines": 3, "excluded_lines": 0}, "missing_lines": [292, 293, 299], "excluded_lines": []}, "log_tagged_event": {"executed_lines": [], "summary": {"covered_lines": 0, "num_statements": 9, "percent_covered": 0.0, "percent_covered_display": "0", "missing_lines": 9, "excluded_lines": 0}, "missing_lines": [319, 320, 321, 322, 323, 324, 325, 326, 328], "excluded_lines": []}, "log_consciousness": {"executed_lines": [], "summary": {"covered_lines": 0, "num_statements": 2, "percent_covered": 0.0, "percent_covered_display": "0", "missing_lines": 2, "excluded_lines": 0}, "missing_lines": [340, 341], "excluded_lines": []}, "log_cultivation": {"executed_lines": [], "summary": {"covered_lines": 0, "num_statements": 2, "percent_covered": 0.0, "percent_covered_display": "0", "missing_lines": 2, "excluded_lines": 0}, "missing_lines": [353, 354], "excluded_lines": []}, "configure_logging": {"executed_lines": [], "summary": {"covered_lines": 0, "num_statements": 35, "percent_covered": 0.0, "percent_covered_display": "0", "missing_lines": 35, "excluded_lines": 0}, "missing_lines": [365, 366, 367, 368, 369, 371, 372, 373, 374, 375, 376, 378, 380, 381, 383, 384, 385, 386, 388, 390, 391, 392, 393, 395, 396, 397, 398, 399, 406, 407, 408, 410, 412, 413, 414], "excluded_lines": []}, "": {"executed_lines": [1, 17, 18, 19, 20, 21, 22, 23, 24, 25, 27, 28, 29, 30, 32, 39, 40, 41, 43, 44, 50, 59, 73, 74, 81, 87, 101, 102, 112, 121, 138, 161, 174, 175, 176, 179, 180, 183, 191, 251, 257, 263, 269, 275, 302, 331, 344, 357, 417], "summary": {"covered_lines": 40, "num_statements": 40, "percent_covered": 100.0, "percent_covered_display": "100", "missing_lines": 0, "excluded_lines": 14}, "missing_lines": [], "excluded_lines": [32, 33, 34, 36, 37, 38, 39, 40, 41, 43, 44, 45, 46, 47]}}, "classes": {"DuplicateMessageFilter": {"executed_lines": [82, 83, 84, 85, 89, 90, 91, 92, 93, 95, 97, 98], "summary": {"covered_lines": 12, "num_statements": 12, "percent_covered": 100.0, "percent_covered_display": "100", "missing_lines": 0, "excluded_lines": 0}, "missing_lines": [], "excluded_lines": []}, "OTELNoiseSuppressor": {"executed_lines": [123, 124, 131, 132, 135], "summary": {"covered_lines": 5, "num_statements": 9, "percent_covered": 55.55555555555556, "percent_covered_display": "56", "missing_lines": 4, "excluded_lines": 0}, "missing_lines": [125, 127, 128, 133], "excluded_lines": []}, "": {"executed_lines": [1, 17, 18, 19, 20, 21, 22, 23, 24, 25, 27, 28, 29, 30, 32, 39, 40, 41, 43, 44, 50, 52, 53, 54, 56, 59, 61, 62, 67, 68, 73, 74, 81, 87, 101, 102, 112, 121, 138, 140, 141, 144, 145, 148, 150, 151, 161, 164, 165, 166, 167, 169, 170, 174, 175, 176, 179, 180, 183, 191, 251, 257, 263, 269, 275, 302, 331, 344, 357, 417], "summary": {"covered_lines": 61, "num_statements": 147, "percent_covered": 41.49659863945578, "percent_covered_display": "41", "missing_lines": 86, "excluded_lines": 14}, "missing_lines": [55, 63, 64, 65, 66, 69, 70, 142, 143, 185, 186, 187, 188, 193, 194, 196, 197, 198, 209, 217, 218, 219, 220, 222, 226, 229, 234, 253, 254, 259, 260, 265, 266, 271, 272, 292, 293, 299, 319, 320, 321, 322, 323, 324, 325, 326, 328, 340, 341, 353, 354, 365, 366, 367, 368, 369, 371, 372, 373, 374, 375, 376, 378, 380, 381, 383, 384, 385, 386, 388, 390, 391, 392, 393, 395, 396, 397, 398, 399, 406, 407, 408, 410, 412, 413, 414], "excluded_lines": [32, 33, 34, 36, 37, 38, 39, 40, 41, 43, 44, 45, 46, 47]}}}, "src\\agents\\adaptive_timeout_manager.py": {"executed_lines": [2, 11, 12, 13, 14, 16, 19, 20, 22, 56, 74, 83, 135, 158, 200, 237, 273, 309, 312], "summary": {"covered_lines": 17, "num_statements": 131, "percent_covered": 12.977099236641221, "percent_covered_display": "13", "missing_lines": 114, "excluded_lines": 0}, "missing_lines": [33, 34, 35, 36, 39, 49, 58, 59, 60, 61, 62, 63, 64, 65, 67, 76, 77, 78, 79, 80, 81, 97, 98, 101, 102, 105, 106, 107, 109, 111, 114, 115, 116, 118, 119, 124, 125, 126, 127, 132, 133, 145, 146, 147, 148, 149, 150, 151, 152, 153, 154, 156, 167, 170, 171, 174, 175, 178, 179, 180, 185, 186, 187, 188, 189, 192, 194, 211, 212, 213, 214, 215, 216, 217, 218, 219, 220, 221, 222, 224, 225, 227, 229, 230, 231, 232, 235, 252, 253, 256, 258, 259, 260, 262, 263, 264, 266, 267, 270, 271, 284, 285, 288, 289, 291, 293, 300, 301, 302, 303, 305, 315, 316, 317], "excluded_lines": [], "functions": {"AdaptiveTimeoutManager.__init__": {"executed_lines": [], "summary": {"covered_lines": 0, "num_statements": 6, "percent_covered": 0.0, "percent_covered_display": "0", "missing_lines": 6, "excluded_lines": 0}, "missing_lines": [33, 34, 35, 36, 39, 49], "excluded_lines": []}, "AdaptiveTimeoutManager._load_metrics": {"executed_lines": [], "summary": {"covered_lines": 0, "num_statements": 9, "percent_covered": 0.0, "percent_covered_display": "0", "missing_lines": 9, "excluded_lines": 0}, "missing_lines": [58, 59, 60, 61, 62, 63, 64, 65, 67], "excluded_lines": []}, "AdaptiveTimeoutManager._save_metrics": {"executed_lines": [], "summary": {"covered_lines": 0, "num_statements": 6, "percent_covered": 0.0, "percent_covered_display": "0", "missing_lines": 6, "excluded_lines": 0}, "missing_lines": [76, 77, 78, 79, 80, 81], "excluded_lines": []}, "AdaptiveTimeoutManager.get_timeout": {"executed_lines": [], "summary": {"covered_lines": 0, "num_statements": 20, "percent_covered": 0.0, "percent_covered_display": "0", "missing_lines": 20, "excluded_lines": 0}, "missing_lines": [97, 98, 101, 102, 105, 106, 107, 109, 111, 114, 115, 116, 118, 119, 124, 125, 126, 127, 132, 133], "excluded_lines": []}, "AdaptiveTimeoutManager._extract_model_size": {"executed_lines": [], "summary": {"covered_lines": 0, "num_statements": 11, "percent_covered": 0.0, "percent_covered_display": "0", "missing_lines": 11, "excluded_lines": 0}, "missing_lines": [145, 146, 147, 148, 149, 150, 151, 152, 153, 154, 156], "excluded_lines": []}, "AdaptiveTimeoutManager.record_attempt": {"executed_lines": [], "summary": {"covered_lines": 0, "num_statements": 15, "percent_covered": 0.0, "percent_covered_display": "0", "missing_lines": 15, "excluded_lines": 0}, "missing_lines": [167, 170, 171, 174, 175, 178, 179, 180, 185, 186, 187, 188, 189, 192, 194], "excluded_lines": []}, "AdaptiveTimeoutManager.get_recommended_model": {"executed_lines": [], "summary": {"covered_lines": 0, "num_statements": 20, "percent_covered": 0.0, "percent_covered_display": "0", "missing_lines": 20, "excluded_lines": 0}, "missing_lines": [211, 212, 213, 214, 215, 216, 217, 218, 219, 220, 221, 222, 224, 225, 227, 229, 230, 231, 232, 235], "excluded_lines": []}, "AdaptiveTimeoutManager.update_breathing_factor": {"executed_lines": [], "summary": {"covered_lines": 0, "num_statements": 13, "percent_covered": 0.0, "percent_covered_display": "0", "missing_lines": 13, "excluded_lines": 0}, "missing_lines": [252, 253, 256, 258, 259, 260, 262, 263, 264, 266, 267, 270, 271], "excluded_lines": []}, "AdaptiveTimeoutManager.should_retry": {"executed_lines": [], "summary": {"covered_lines": 0, "num_statements": 11, "percent_covered": 0.0, "percent_covered_display": "0", "missing_lines": 11, "excluded_lines": 0}, "missing_lines": [284, 285, 288, 289, 291, 293, 300, 301, 302, 303, 305], "excluded_lines": []}, "get_timeout_manager": {"executed_lines": [], "summary": {"covered_lines": 0, "num_statements": 3, "percent_covered": 0.0, "percent_covered_display": "0", "missing_lines": 3, "excluded_lines": 0}, "missing_lines": [315, 316, 317], "excluded_lines": []}, "": {"executed_lines": [2, 11, 12, 13, 14, 16, 19, 20, 22, 56, 74, 83, 135, 158, 200, 237, 273, 309, 312], "summary": {"covered_lines": 17, "num_statements": 17, "percent_covered": 100.0, "percent_covered_display": "100", "missing_lines": 0, "excluded_lines": 0}, "missing_lines": [], "excluded_lines": []}}, "classes": {"AdaptiveTimeoutManager": {"executed_lines": [], "summary": {"covered_lines": 0, "num_statements": 111, "percent_covered": 0.0, "percent_covered_display": "0", "missing_lines": 111, "excluded_lines": 0}, "missing_lines": [33, 34, 35, 36, 39, 49, 58, 59, 60, 61, 62, 63, 64, 65, 67, 76, 77, 78, 79, 80, 81, 97, 98, 101, 102, 105, 106, 107, 109, 111, 114, 115, 116, 118, 119, 124, 125, 126, 127, 132, 133, 145, 146, 147, 148, 149, 150, 151, 152, 153, 154, 156, 167, 170, 171, 174, 175, 178, 179, 180, 185, 186, 187, 188, 189, 192, 194, 211, 212, 213, 214, 215, 216, 217, 218, 219, 220, 221, 222, 224, 225, 227, 229, 230, 231, 232, 235, 252, 253, 256, 258, 259, 260, 262, 263, 264, 266, 267, 270, 271, 284, 285, 288, 289, 291, 293, 300, 301, 302, 303, 305], "excluded_lines": []}, "": {"executed_lines": [2, 11, 12, 13, 14, 16, 19, 20, 22, 56, 74, 83, 135, 158, 200, 237, 273, 309, 312], "summary": {"covered_lines": 17, "num_statements": 20, "percent_covered": 85.0, "percent_covered_display": "85", "missing_lines": 3, "excluded_lines": 0}, "missing_lines": [315, 316, 317], "excluded_lines": []}}}, "src\\agents\\agent_communication_hub.py": {"executed_lines": [2, 6, 7, 8, 9, 10, 11, 12, 13, 15, 17, 20, 21, 23, 24, 25, 26, 27, 28, 29, 32, 33, 35, 36, 37, 38, 39, 40, 43, 44, 45, 47, 48, 49, 50, 51, 52, 53, 55, 70, 71, 72, 74, 75, 76, 77, 78, 79, 80, 83, 84, 85, 87, 88, 89, 90, 91, 92, 95, 96, 98, 114, 130, 164, 188, 250, 270, 281, 305, 343, 379, 382], "summary": {"covered_lines": 65, "num_statements": 168, "percent_covered": 38.69047619047619, "percent_covered_display": "39", "missing_lines": 103, "excluded_lines": 0}, "missing_lines": [57, 59, 60, 63, 64, 65, 66, 67, 99, 100, 102, 103, 104, 107, 110, 112, 116, 117, 118, 119, 121, 122, 123, 127, 128, 132, 133, 134, 137, 138, 141, 142, 143, 151, 152, 154, 156, 158, 162, 166, 167, 168, 169, 172, 173, 176, 177, 178, 179, 183, 184, 186, 196, 197, 198, 200, 203, 206, 214, 224, 225, 226, 231, 247, 248, 252, 253, 255, 256, 272, 283, 284, 286, 288, 289, 290, 293, 300, 301, 303, 307, 309, 310, 311, 312, 314, 316, 317, 327, 336, 338, 340, 341, 345, 347, 348, 371, 372, 374, 375, 385, 386, 387], "excluded_lines": [], "functions": {"AgentStats.add_xp": {"executed_lines": [], "summary": {"covered_lines": 0, "num_statements": 8, "percent_covered": 0.0, "percent_covered_display": "0", "missing_lines": 8, "excluded_lines": 0}, "missing_lines": [57, 59, 60, 63, 64, 65, 66, 67], "excluded_lines": []}, "AgentCommunicationHub.__init__": {"executed_lines": [], "summary": {"covered_lines": 0, "num_statements": 8, "percent_covered": 0.0, "percent_covered_display": "0", "missing_lines": 8, "excluded_lines": 0}, "missing_lines": [99, 100, 102, 103, 104, 107, 110, 112], "excluded_lines": []}, "AgentCommunicationHub.register_agent": {"executed_lines": [], "summary": {"covered_lines": 0, "num_statements": 9, "percent_covered": 0.0, "percent_covered_display": "0", "missing_lines": 9, "excluded_lines": 0}, "missing_lines": [116, 117, 118, 119, 121, 122, 123, 127, 128], "excluded_lines": []}, "AgentCommunicationHub.send_message": {"executed_lines": [], "summary": {"covered_lines": 0, "num_statements": 14, "percent_covered": 0.0, "percent_covered_display": "0", "missing_lines": 14, "excluded_lines": 0}, "missing_lines": [132, 133, 134, 137, 138, 141, 142, 143, 151, 152, 154, 156, 158, 162], "excluded_lines": []}, "AgentCommunicationHub.receive_messages": {"executed_lines": [], "summary": {"covered_lines": 0, "num_statements": 13, "percent_covered": 0.0, "percent_covered_display": "0", "missing_lines": 13, "excluded_lines": 0}, "missing_lines": [166, 167, 168, 169, 172, 173, 176, 177, 178, 179, 183, 184, 186], "excluded_lines": []}, "AgentCommunicationHub.complete_task": {"executed_lines": [], "summary": {"covered_lines": 0, "num_statements": 13, "percent_covered": 0.0, "percent_covered_display": "0", "missing_lines": 13, "excluded_lines": 0}, "missing_lines": [196, 197, 198, 200, 203, 206, 214, 224, 225, 226, 231, 247, 248], "excluded_lines": []}, "AgentCommunicationHub.get_agent_status": {"executed_lines": [], "summary": {"covered_lines": 0, "num_statements": 4, "percent_covered": 0.0, "percent_covered_display": "0", "missing_lines": 4, "excluded_lines": 0}, "missing_lines": [252, 253, 255, 256], "excluded_lines": []}, "AgentCommunicationHub.get_party_status": {"executed_lines": [], "summary": {"covered_lines": 0, "num_statements": 1, "percent_covered": 0.0, "percent_covered_display": "0", "missing_lines": 1, "excluded_lines": 0}, "missing_lines": [272], "excluded_lines": []}, "AgentCommunicationHub.unlock_skill": {"executed_lines": [], "summary": {"covered_lines": 0, "num_statements": 10, "percent_covered": 0.0, "percent_covered_display": "0", "missing_lines": 10, "excluded_lines": 0}, "missing_lines": [283, 284, 286, 288, 289, 290, 293, 300, 301, 303], "excluded_lines": []}, "AgentCommunicationHub._load_agents": {"executed_lines": [], "summary": {"covered_lines": 0, "num_statements": 13, "percent_covered": 0.0, "percent_covered_display": "0", "missing_lines": 13, "excluded_lines": 0}, "missing_lines": [307, 309, 310, 311, 312, 314, 316, 317, 327, 336, 338, 340, 341], "excluded_lines": []}, "AgentCommunicationHub._save_agents": {"executed_lines": [], "summary": {"covered_lines": 0, "num_statements": 7, "percent_covered": 0.0, "percent_covered_display": "0", "missing_lines": 7, "excluded_lines": 0}, "missing_lines": [345, 347, 348, 371, 372, 374, 375], "excluded_lines": []}, "get_agent_hub": {"executed_lines": [], "summary": {"covered_lines": 0, "num_statements": 3, "percent_covered": 0.0, "percent_covered_display": "0", "missing_lines": 3, "excluded_lines": 0}, "missing_lines": [385, 386, 387], "excluded_lines": []}, "": {"executed_lines": [2, 6, 7, 8, 9, 10, 11, 12, 13, 15, 17, 20, 21, 23, 24, 25, 26, 27, 28, 29, 32, 33, 35, 36, 37, 38, 39, 40, 43, 44, 45, 47, 48, 49, 50, 51, 52, 53, 55, 70, 71, 72, 74, 75, 76, 77, 78, 79, 80, 83, 84, 85, 87, 88, 89, 90, 91, 92, 95, 96, 98, 114, 130, 164, 188, 250, 270, 281, 305, 343, 379, 382], "summary": {"covered_lines": 65, "num_statements": 65, "percent_covered": 100.0, "percent_covered_display": "100", "missing_lines": 0, "excluded_lines": 0}, "missing_lines": [], "excluded_lines": []}}, "classes": {"AgentRole": {"executed_lines": [], "summary": {"covered_lines": 0, "num_statements": 0, "percent_covered": 100.0, "percent_covered_display": "100", "missing_lines": 0, "excluded_lines": 0}, "missing_lines": [], "excluded_lines": []}, "MessageType": {"executed_lines": [], "summary": {"covered_lines": 0, "num_statements": 0, "percent_covered": 100.0, "percent_covered_display": "100", "missing_lines": 0, "excluded_lines": 0}, "missing_lines": [], "excluded_lines": []}, "AgentStats": {"executed_lines": [], "summary": {"covered_lines": 0, "num_statements": 8, "percent_covered": 0.0, "percent_covered_display": "0", "missing_lines": 8, "excluded_lines": 0}, "missing_lines": [57, 59, 60, 63, 64, 65, 66, 67], "excluded_lines": []}, "Message": {"executed_lines": [], "summary": {"covered_lines": 0, "num_statements": 0, "percent_covered": 100.0, "percent_covered_display": "100", "missing_lines": 0, "excluded_lines": 0}, "missing_lines": [], "excluded_lines": []}, "Agent": {"executed_lines": [], "summary": {"covered_lines": 0, "num_statements": 0, "percent_covered": 100.0, "percent_covered_display": "100", "missing_lines": 0, "excluded_lines": 0}, "missing_lines": [], "excluded_lines": []}, "AgentCommunicationHub": {"executed_lines": [], "summary": {"covered_lines": 0, "num_statements": 92, "percent_covered": 0.0, "percent_covered_display": "0", "missing_lines": 92, "excluded_lines": 0}, "missing_lines": [99, 100, 102, 103, 104, 107, 110, 112, 116, 117, 118, 119, 121, 122, 123, 127, 128, 132, 133, 134, 137, 138, 141, 142, 143, 151, 152, 154, 156, 158, 162, 166, 167, 168, 169, 172, 173, 176, 177, 178, 179, 183, 184, 186, 196, 197, 198, 200, 203, 206, 214, 224, 225, 226, 231, 247, 248, 252, 253, 255, 256, 272, 283, 284, 286, 288, 289, 290, 293, 300, 301, 303, 307, 309, 310, 311, 312, 314, 316, 317, 327, 336, 338, 340, 341, 345, 347, 348, 371, 372, 374, 375], "excluded_lines": []}, "": {"executed_lines": [2, 6, 7, 8, 9, 10, 11, 12, 13, 15, 17, 20, 21, 23, 24, 25, 26, 27, 28, 29, 32, 33, 35, 36, 37, 38, 39, 40, 43, 44, 45, 47, 48, 49, 50, 51, 52, 53, 55, 70, 71, 72, 74, 75, 76, 77, 78, 79, 80, 83, 84, 85, 87, 88, 89, 90, 91, 92, 95, 96, 98, 114, 130, 164, 188, 250, 270, 281, 305, 343, 379, 382], "summary": {"covered_lines": 65, "num_statements": 68, "percent_covered": 95.58823529411765, "percent_covered_display": "96", "missing_lines": 3, "excluded_lines": 0}, "missing_lines": [385, 386, 387], "excluded_lines": []}}}, "src\\config\\service_config.py": {"executed_lines": [2, 34, 36, 37, 38, 41, 42, 49, 50, 51, 54, 55, 56, 59, 60, 63, 64, 67, 68, 69, 72, 75, 78, 82, 85, 91, 92, 97, 107, 114, 115, 121, 123, 125, 126, 136, 137, 145, 146, 154, 155, 163, 164, 177, 178, 186, 187, 191, 192, 208, 209, 239], "summary": {"covered_lines": 50, "num_statements": 89, "percent_covered": 56.17977528089887, "percent_covered_display": "56", "missing_lines": 39, "excluded_lines": 0}, "missing_lines": [104, 105, 109, 110, 111, 112, 122, 132, 133, 134, 143, 152, 161, 169, 170, 172, 173, 174, 175, 184, 189, 198, 199, 201, 202, 203, 204, 205, 206, 219, 221, 229, 230, 232, 233, 234, 235, 236, 245], "excluded_lines": [], "functions": {"ServiceConfig.__init__": {"executed_lines": [], "summary": {"covered_lines": 0, "num_statements": 2, "percent_covered": 0.0, "percent_covered_display": "0", "missing_lines": 2, "excluded_lines": 0}, "missing_lines": [104, 105], "excluded_lines": []}, "ServiceConfig.validate": {"executed_lines": [], "summary": {"covered_lines": 0, "num_statements": 4, "percent_covered": 0.0, "percent_covered_display": "0", "missing_lines": 4, "excluded_lines": 0}, "missing_lines": [109, 110, 111, 112], "excluded_lines": []}, "ServiceConfig.get_ollama_url": {"executed_lines": [121, 123], "summary": {"covered_lines": 2, "num_statements": 3, "percent_covered": 66.66666666666667, "percent_covered_display": "67", "missing_lines": 1, "excluded_lines": 0}, "missing_lines": [122], "excluded_lines": []}, "ServiceConfig.get_lmstudio_url": {"executed_lines": [], "summary": {"covered_lines": 0, "num_statements": 3, "percent_covered": 0.0, "percent_covered_display": "0", "missing_lines": 3, "excluded_lines": 0}, "missing_lines": [132, 133, 134], "excluded_lines": []}, "ServiceConfig.get_simulatedverse_url": {"executed_lines": [], "summary": {"covered_lines": 0, "num_statements": 1, "percent_covered": 0.0, "percent_covered_display": "0", "missing_lines": 1, "excluded_lines": 0}, "missing_lines": [143], "excluded_lines": []}, "ServiceConfig.get_react_ui_url": {"executed_lines": [], "summary": {"covered_lines": 0, "num_statements": 1, "percent_covered": 0.0, "percent_covered_display": "0", "missing_lines": 1, "excluded_lines": 0}, "missing_lines": [152], "excluded_lines": []}, "ServiceConfig.get_mcp_server_address": {"executed_lines": [], "summary": {"covered_lines": 0, "num_statements": 1, "percent_covered": 0.0, "percent_covered_display": "0", "missing_lines": 1, "excluded_lines": 0}, "missing_lines": [161], "excluded_lines": []}, "ServiceConfig.get_mcp_server_url": {"executed_lines": [], "summary": {"covered_lines": 0, "num_statements": 6, "percent_covered": 0.0, "percent_covered_display": "0", "missing_lines": 6, "excluded_lines": 0}, "missing_lines": [169, 170, 172, 173, 174, 175], "excluded_lines": []}, "ServiceConfig.get_n8n_url": {"executed_lines": [], "summary": {"covered_lines": 0, "num_statements": 1, "percent_covered": 0.0, "percent_covered_display": "0", "missing_lines": 1, "excluded_lines": 0}, "missing_lines": [184], "excluded_lines": []}, "ServiceConfig._ensure_scheme": {"executed_lines": [], "summary": {"covered_lines": 0, "num_statements": 1, "percent_covered": 0.0, "percent_covered_display": "0", "missing_lines": 1, "excluded_lines": 0}, "missing_lines": [189], "excluded_lines": []}, "ServiceConfig.get_context_browser_url": {"executed_lines": [], "summary": {"covered_lines": 0, "num_statements": 8, "percent_covered": 0.0, "percent_covered_display": "0", "missing_lines": 8, "excluded_lines": 0}, "missing_lines": [198, 199, 201, 202, 203, 204, 205, 206], "excluded_lines": []}, "ServiceConfig.is_service_available": {"executed_lines": [], "summary": {"covered_lines": 0, "num_statements": 9, "percent_covered": 0.0, "percent_covered_display": "0", "missing_lines": 9, "excluded_lines": 0}, "missing_lines": [219, 221, 229, 230, 232, 233, 234, 235, 236], "excluded_lines": []}, "get_service_config": {"executed_lines": [], "summary": {"covered_lines": 0, "num_statements": 1, "percent_covered": 0.0, "percent_covered_display": "0", "missing_lines": 1, "excluded_lines": 0}, "missing_lines": [245], "excluded_lines": []}, "": {"executed_lines": [2, 34, 36, 37, 38, 41, 42, 49, 50, 51, 54, 55, 56, 59, 60, 63, 64, 67, 68, 69, 72, 75, 78, 82, 85, 91, 92, 97, 107, 114, 115, 125, 126, 136, 137, 145, 146, 154, 155, 163, 164, 177, 178, 186, 187, 191, 192, 208, 209, 239], "summary": {"covered_lines": 48, "num_statements": 48, "percent_covered": 100.0, "percent_covered_display": "100", "missing_lines": 0, "excluded_lines": 0}, "missing_lines": [], "excluded_lines": []}}, "classes": {"ServiceConfig": {"executed_lines": [121, 123], "summary": {"covered_lines": 2, "num_statements": 40, "percent_covered": 5.0, "percent_covered_display": "5", "missing_lines": 38, "excluded_lines": 0}, "missing_lines": [104, 105, 109, 110, 111, 112, 122, 132, 133, 134, 143, 152, 161, 169, 170, 172, 173, 174, 175, 184, 189, 198, 199, 201, 202, 203, 204, 205, 206, 219, 221, 229, 230, 232, 233, 234, 235, 236], "excluded_lines": []}, "": {"executed_lines": [2, 34, 36, 37, 38, 41, 42, 49, 50, 51, 54, 55, 56, 59, 60, 63, 64, 67, 68, 69, 72, 75, 78, 82, 85, 91, 92, 97, 107, 114, 115, 125, 126, 136, 137, 145, 146, 154, 155, 163, 164, 177, 178, 186, 187, 191, 192, 208, 209, 239], "summary": {"covered_lines": 48, "num_statements": 49, "percent_covered": 97.95918367346938, "percent_covered_display": "98", "missing_lines": 1, "excluded_lines": 0}, "missing_lines": [245], "excluded_lines": []}}}, "src\\consciousness\\floor_5_integration.py": {"executed_lines": [1, 32, 33, 34, 35, 36, 38, 41, 42, 44, 45, 46, 47, 48, 49, 52, 53, 54, 56, 57, 58, 59, 60, 63, 64, 65, 67, 68, 69, 70, 71, 72, 73, 76, 77, 87, 88, 90, 98, 139, 157, 209, 271, 298, 348, 384, 405, 415, 434, 467], "summary": {"covered_lines": 44, "num_statements": 134, "percent_covered": 32.83582089552239, "percent_covered_display": "33", "missing_lines": 90, "excluded_lines": 2}, "missing_lines": [91, 92, 93, 96, 100, 133, 134, 137, 141, 152, 153, 154, 155, 174, 175, 176, 178, 179, 182, 183, 184, 187, 188, 189, 190, 193, 203, 204, 205, 207, 221, 244, 245, 247, 248, 249, 250, 253, 260, 262, 278, 280, 281, 282, 285, 286, 290, 291, 296, 305, 315, 316, 324, 325, 326, 327, 329, 330, 332, 337, 338, 346, 358, 359, 364, 396, 398, 399, 400, 401, 403, 413, 426, 427, 428, 429, 430, 436, 439, 440, 441, 444, 450, 451, 455, 456, 457, 461, 463, 464], "excluded_lines": [467, 468], "functions": {"Floor5Integration.__init__": {"executed_lines": [], "summary": {"covered_lines": 0, "num_statements": 4, "percent_covered": 0.0, "percent_covered_display": "0", "missing_lines": 4, "excluded_lines": 0}, "missing_lines": [91, 92, 93, 96], "excluded_lines": []}, "Floor5Integration._initialize_domains": {"executed_lines": [], "summary": {"covered_lines": 0, "num_statements": 4, "percent_covered": 0.0, "percent_covered_display": "0", "missing_lines": 4, "excluded_lines": 0}, "missing_lines": [100, 133, 134, 137], "excluded_lines": []}, "Floor5Integration._establish_connections": {"executed_lines": [], "summary": {"covered_lines": 0, "num_statements": 5, "percent_covered": 0.0, "percent_covered_display": "0", "missing_lines": 5, "excluded_lines": 0}, "missing_lines": [141, 152, 153, 154, 155], "excluded_lines": []}, "Floor5Integration.integrate_domains": {"executed_lines": [], "summary": {"covered_lines": 0, "num_statements": 17, "percent_covered": 0.0, "percent_covered_display": "0", "missing_lines": 17, "excluded_lines": 0}, "missing_lines": [174, 175, 176, 178, 179, 182, 183, 184, 187, 188, 189, 190, 193, 203, 204, 205, 207], "excluded_lines": []}, "Floor5Integration._synthesize_insight": {"executed_lines": [], "summary": {"covered_lines": 0, "num_statements": 10, "percent_covered": 0.0, "percent_covered_display": "0", "missing_lines": 10, "excluded_lines": 0}, "missing_lines": [221, 244, 245, 247, 248, 249, 250, 253, 260, 262], "excluded_lines": []}, "Floor5Integration.discover_emergent_patterns": {"executed_lines": [], "summary": {"covered_lines": 0, "num_statements": 9, "percent_covered": 0.0, "percent_covered_display": "0", "missing_lines": 9, "excluded_lines": 0}, "missing_lines": [278, 280, 281, 282, 285, 286, 290, 291, 296], "excluded_lines": []}, "Floor5Integration.map_integration_landscape": {"executed_lines": [], "summary": {"covered_lines": 0, "num_statements": 13, "percent_covered": 0.0, "percent_covered_display": "0", "missing_lines": 13, "excluded_lines": 0}, "missing_lines": [305, 315, 316, 324, 325, 326, 327, 329, 330, 332, 337, 338, 346], "excluded_lines": []}, "Floor5Integration.get_synthesis_recommendations": {"executed_lines": [], "summary": {"covered_lines": 0, "num_statements": 3, "percent_covered": 0.0, "percent_covered_display": "0", "missing_lines": 3, "excluded_lines": 0}, "missing_lines": [358, 359, 364], "excluded_lines": []}, "Floor5Integration.integrate": {"executed_lines": [], "summary": {"covered_lines": 0, "num_statements": 6, "percent_covered": 0.0, "percent_covered_display": "0", "missing_lines": 6, "excluded_lines": 0}, "missing_lines": [396, 398, 399, 400, 401, 403], "excluded_lines": []}, "Floor5Integration.process": {"executed_lines": [], "summary": {"covered_lines": 0, "num_statements": 1, "percent_covered": 0.0, "percent_covered_display": "0", "missing_lines": 1, "excluded_lines": 0}, "missing_lines": [413], "excluded_lines": []}, "Floor5Integration.validate_domain_pair": {"executed_lines": [], "summary": {"covered_lines": 0, "num_statements": 5, "percent_covered": 0.0, "percent_covered_display": "0", "missing_lines": 5, "excluded_lines": 0}, "missing_lines": [426, 427, 428, 429, 430], "excluded_lines": []}, "demonstrate_floor_5": {"executed_lines": [], "summary": {"covered_lines": 0, "num_statements": 13, "percent_covered": 0.0, "percent_covered_display": "0", "missing_lines": 13, "excluded_lines": 0}, "missing_lines": [436, 439, 440, 441, 444, 450, 451, 455, 456, 457, 461, 463, 464], "excluded_lines": []}, "": {"executed_lines": [1, 32, 33, 34, 35, 36, 38, 41, 42, 44, 45, 46, 47, 48, 49, 52, 53, 54, 56, 57, 58, 59, 60, 63, 64, 65, 67, 68, 69, 70, 71, 72, 73, 76, 77, 87, 88, 90, 98, 139, 157, 209, 271, 298, 348, 384, 405, 415, 434, 467], "summary": {"covered_lines": 44, "num_statements": 44, "percent_covered": 100.0, "percent_covered_display": "100", "missing_lines": 0, "excluded_lines": 2}, "missing_lines": [], "excluded_lines": [467, 468]}}, "classes": {"IntegrationPattern": {"executed_lines": [], "summary": {"covered_lines": 0, "num_statements": 0, "percent_covered": 100.0, "percent_covered_display": "100", "missing_lines": 0, "excluded_lines": 0}, "missing_lines": [], "excluded_lines": []}, "KnowledgeDomain": {"executed_lines": [], "summary": {"covered_lines": 0, "num_statements": 0, "percent_covered": 100.0, "percent_covered_display": "100", "missing_lines": 0, "excluded_lines": 0}, "missing_lines": [], "excluded_lines": []}, "SynthesisInsight": {"executed_lines": [], "summary": {"covered_lines": 0, "num_statements": 0, "percent_covered": 100.0, "percent_covered_display": "100", "missing_lines": 0, "excluded_lines": 0}, "missing_lines": [], "excluded_lines": []}, "Floor5Integration": {"executed_lines": [], "summary": {"covered_lines": 0, "num_statements": 77, "percent_covered": 0.0, "percent_covered_display": "0", "missing_lines": 77, "excluded_lines": 0}, "missing_lines": [91, 92, 93, 96, 100, 133, 134, 137, 141, 152, 153, 154, 155, 174, 175, 176, 178, 179, 182, 183, 184, 187, 188, 189, 190, 193, 203, 204, 205, 207, 221, 244, 245, 247, 248, 249, 250, 253, 260, 262, 278, 280, 281, 282, 285, 286, 290, 291, 296, 305, 315, 316, 324, 325, 326, 327, 329, 330, 332, 337, 338, 346, 358, 359, 364, 396, 398, 399, 400, 401, 403, 413, 426, 427, 428, 429, 430], "excluded_lines": []}, "": {"executed_lines": [1, 32, 33, 34, 35, 36, 38, 41, 42, 44, 45, 46, 47, 48, 49, 52, 53, 54, 56, 57, 58, 59, 60, 63, 64, 65, 67, 68, 69, 70, 71, 72, 73, 76, 77, 87, 88, 90, 98, 139, 157, 209, 271, 298, 348, 384, 405, 415, 434, 467], "summary": {"covered_lines": 44, "num_statements": 57, "percent_covered": 77.19298245614036, "percent_covered_display": "77", "missing_lines": 13, "excluded_lines": 2}, "missing_lines": [436, 439, 440, 441, 444, 450, 451, 455, 456, 457, 461, 463, 464], "excluded_lines": [467, 468]}}}, "src\\consciousness\\temple_of_knowledge\\floor_1_foundation.py": {"executed_lines": [1, 23, 24, 25, 26, 27, 29, 32, 33, 34, 35, 38, 39, 41, 62, 63, 72, 73, 79, 80, 90, 121, 138, 150, 162, 167, 172, 177, 212, 266, 299, 314, 331, 360, 378, 392], "summary": {"covered_lines": 33, "num_statements": 138, "percent_covered": 23.91304347826087, "percent_covered_display": "24", "missing_lines": 105, "excluded_lines": 0}, "missing_lines": [65, 66, 67, 68, 69, 70, 75, 76, 97, 98, 99, 101, 102, 103, 106, 107, 108, 109, 112, 113, 114, 116, 117, 118, 119, 123, 124, 125, 126, 127, 128, 140, 141, 142, 143, 144, 145, 152, 153, 154, 155, 156, 157, 164, 165, 169, 170, 174, 175, 188, 189, 202, 203, 204, 207, 208, 210, 222, 223, 225, 228, 229, 230, 233, 234, 235, 238, 239, 243, 254, 255, 257, 259, 260, 264, 280, 286, 287, 288, 296, 297, 309, 310, 311, 312, 322, 327, 328, 329, 341, 342, 344, 346, 354, 355, 357, 358, 370, 371, 373, 374, 375, 376, 385, 399], "excluded_lines": [], "functions": {"ConsciousnessLevel.get_level": {"executed_lines": [], "summary": {"covered_lines": 0, "num_statements": 6, "percent_covered": 0.0, "percent_covered_display": "0", "missing_lines": 6, "excluded_lines": 0}, "missing_lines": [65, 66, 67, 68, 69, 70], "excluded_lines": []}, "ConsciousnessLevel.get_accessible_floors": {"executed_lines": [], "summary": {"covered_lines": 0, "num_statements": 2, "percent_covered": 0.0, "percent_covered_display": "0", "missing_lines": 2, "excluded_lines": 0}, "missing_lines": [75, 76], "excluded_lines": []}, "Floor1Foundation.__init__": {"executed_lines": [], "summary": {"covered_lines": 0, "num_statements": 17, "percent_covered": 0.0, "percent_covered_display": "0", "missing_lines": 17, "excluded_lines": 0}, "missing_lines": [97, 98, 99, 101, 102, 103, 106, 107, 108, 109, 112, 113, 114, 116, 117, 118, 119], "excluded_lines": []}, "Floor1Foundation._load_knowledge_base": {"executed_lines": [], "summary": {"covered_lines": 0, "num_statements": 6, "percent_covered": 0.0, "percent_covered_display": "0", "missing_lines": 6, "excluded_lines": 0}, "missing_lines": [123, 124, 125, 126, 127, 128], "excluded_lines": []}, "Floor1Foundation._load_omnitag_archive": {"executed_lines": [], "summary": {"covered_lines": 0, "num_statements": 6, "percent_covered": 0.0, "percent_covered_display": "0", "missing_lines": 6, "excluded_lines": 0}, "missing_lines": [140, 141, 142, 143, 144, 145], "excluded_lines": []}, "Floor1Foundation._load_agent_registry": {"executed_lines": [], "summary": {"covered_lines": 0, "num_statements": 6, "percent_covered": 0.0, "percent_covered_display": "0", "missing_lines": 6, "excluded_lines": 0}, "missing_lines": [152, 153, 154, 155, 156, 157], "excluded_lines": []}, "Floor1Foundation._save_knowledge_base": {"executed_lines": [], "summary": {"covered_lines": 0, "num_statements": 2, "percent_covered": 0.0, "percent_covered_display": "0", "missing_lines": 2, "excluded_lines": 0}, "missing_lines": [164, 165], "excluded_lines": []}, "Floor1Foundation._save_omnitag_archive": {"executed_lines": [], "summary": {"covered_lines": 0, "num_statements": 2, "percent_covered": 0.0, "percent_covered_display": "0", "missing_lines": 2, "excluded_lines": 0}, "missing_lines": [169, 170], "excluded_lines": []}, "Floor1Foundation._save_agent_registry": {"executed_lines": [], "summary": {"covered_lines": 0, "num_statements": 2, "percent_covered": 0.0, "percent_covered_display": "0", "missing_lines": 2, "excluded_lines": 0}, "missing_lines": [174, 175], "excluded_lines": []}, "Floor1Foundation.register_agent": {"executed_lines": [], "summary": {"covered_lines": 0, "num_statements": 8, "percent_covered": 0.0, "percent_covered_display": "0", "missing_lines": 8, "excluded_lines": 0}, "missing_lines": [188, 189, 202, 203, 204, 207, 208, 210], "excluded_lines": []}, "Floor1Foundation.cultivate_wisdom": {"executed_lines": [], "summary": {"covered_lines": 0, "num_statements": 18, "percent_covered": 0.0, "percent_covered_display": "0", "missing_lines": 18, "excluded_lines": 0}, "missing_lines": [222, 223, 225, 228, 229, 230, 233, 234, 235, 238, 239, 243, 254, 255, 257, 259, 260, 264], "excluded_lines": []}, "Floor1Foundation.store_knowledge": {"executed_lines": [], "summary": {"covered_lines": 0, "num_statements": 6, "percent_covered": 0.0, "percent_covered_display": "0", "missing_lines": 6, "excluded_lines": 0}, "missing_lines": [280, 286, 287, 288, 296, 297], "excluded_lines": []}, "Floor1Foundation.retrieve_knowledge": {"executed_lines": [], "summary": {"covered_lines": 0, "num_statements": 4, "percent_covered": 0.0, "percent_covered_display": "0", "missing_lines": 4, "excluded_lines": 0}, "missing_lines": [309, 310, 311, 312], "excluded_lines": []}, "Floor1Foundation.archive_omnitag": {"executed_lines": [], "summary": {"covered_lines": 0, "num_statements": 4, "percent_covered": 0.0, "percent_covered_display": "0", "missing_lines": 4, "excluded_lines": 0}, "missing_lines": [322, 327, 328, 329], "excluded_lines": []}, "Floor1Foundation.search_omnitags": {"executed_lines": [], "summary": {"covered_lines": 0, "num_statements": 8, "percent_covered": 0.0, "percent_covered_display": "0", "missing_lines": 8, "excluded_lines": 0}, "missing_lines": [341, 342, 344, 346, 354, 355, 357, 358], "excluded_lines": []}, "Floor1Foundation.get_agent_status": {"executed_lines": [], "summary": {"covered_lines": 0, "num_statements": 6, "percent_covered": 0.0, "percent_covered_display": "0", "missing_lines": 6, "excluded_lines": 0}, "missing_lines": [370, 371, 373, 374, 375, 376], "excluded_lines": []}, "Floor1Foundation.get_knowledge_graph": {"executed_lines": [], "summary": {"covered_lines": 0, "num_statements": 1, "percent_covered": 0.0, "percent_covered_display": "0", "missing_lines": 1, "excluded_lines": 0}, "missing_lines": [385], "excluded_lines": []}, "Floor1Foundation.get_floor_stats": {"executed_lines": [], "summary": {"covered_lines": 0, "num_statements": 1, "percent_covered": 0.0, "percent_covered_display": "0", "missing_lines": 1, "excluded_lines": 0}, "missing_lines": [399], "excluded_lines": []}, "": {"executed_lines": [1, 23, 24, 25, 26, 27, 29, 32, 33, 34, 35, 38, 39, 41, 62, 63, 72, 73, 79, 80, 90, 121, 138, 150, 162, 167, 172, 177, 212, 266, 299, 314, 331, 360, 378, 392], "summary": {"covered_lines": 33, "num_statements": 33, "percent_covered": 100.0, "percent_covered_display": "100", "missing_lines": 0, "excluded_lines": 0}, "missing_lines": [], "excluded_lines": []}}, "classes": {"LevelDef": {"executed_lines": [], "summary": {"covered_lines": 0, "num_statements": 0, "percent_covered": 100.0, "percent_covered_display": "100", "missing_lines": 0, "excluded_lines": 0}, "missing_lines": [], "excluded_lines": []}, "ConsciousnessLevel": {"executed_lines": [], "summary": {"covered_lines": 0, "num_statements": 8, "percent_covered": 0.0, "percent_covered_display": "0", "missing_lines": 8, "excluded_lines": 0}, "missing_lines": [65, 66, 67, 68, 69, 70, 75, 76], "excluded_lines": []}, "Floor1Foundation": {"executed_lines": [], "summary": {"covered_lines": 0, "num_statements": 97, "percent_covered": 0.0, "percent_covered_display": "0", "missing_lines": 97, "excluded_lines": 0}, "missing_lines": [97, 98, 99, 101, 102, 103, 106, 107, 108, 109, 112, 113, 114, 116, 117, 118, 119, 123, 124, 125, 126, 127, 128, 140, 141, 142, 143, 144, 145, 152, 153, 154, 155, 156, 157, 164, 165, 169, 170, 174, 175, 188, 189, 202, 203, 204, 207, 208, 210, 222, 223, 225, 228, 229, 230, 233, 234, 235, 238, 239, 243, 254, 255, 257, 259, 260, 264, 280, 286, 287, 288, 296, 297, 309, 310, 311, 312, 322, 327, 328, 329, 341, 342, 344, 346, 354, 355, 357, 358, 370, 371, 373, 374, 375, 376, 385, 399], "excluded_lines": []}, "": {"executed_lines": [1, 23, 24, 25, 26, 27, 29, 32, 33, 34, 35, 38, 39, 41, 62, 63, 72, 73, 79, 80, 90, 121, 138, 150, 162, 167, 172, 177, 212, 266, 299, 314, 331, 360, 378, 392], "summary": {"covered_lines": 33, "num_statements": 33, "percent_covered": 100.0, "percent_covered_display": "100", "missing_lines": 0, "excluded_lines": 0}, "missing_lines": [], "excluded_lines": []}}}, "src\\consciousness\\temple_of_knowledge\\temple_manager.py": {"executed_lines": [1, 16, 17, 18, 20, 22, 25, 26, 35, 48, 61, 85, 106, 156, 163, 188, 234], "summary": {"covered_lines": 15, "num_statements": 70, "percent_covered": 21.428571428571427, "percent_covered_display": "21", "missing_lines": 55, "excluded_lines": 0}, "missing_lines": [68, 69, 70, 72, 73, 76, 79, 81, 82, 83, 96, 98, 117, 118, 123, 124, 125, 130, 132, 133, 134, 143, 144, 146, 158, 159, 160, 161, 173, 174, 175, 177, 180, 181, 182, 183, 198, 199, 200, 201, 202, 203, 205, 206, 208, 209, 211, 212, 220, 221, 222, 224, 226, 241, 243], "excluded_lines": [], "functions": {"TempleManager.__init__": {"executed_lines": [], "summary": {"covered_lines": 0, "num_statements": 10, "percent_covered": 0.0, "percent_covered_display": "0", "missing_lines": 10, "excluded_lines": 0}, "missing_lines": [68, 69, 70, 72, 73, 76, 79, 81, 82, 83], "excluded_lines": []}, "TempleManager.enter_temple": {"executed_lines": [], "summary": {"covered_lines": 0, "num_statements": 2, "percent_covered": 0.0, "percent_covered_display": "0", "missing_lines": 2, "excluded_lines": 0}, "missing_lines": [96, 98], "excluded_lines": []}, "TempleManager.use_elevator": {"executed_lines": [], "summary": {"covered_lines": 0, "num_statements": 12, "percent_covered": 0.0, "percent_covered_display": "0", "missing_lines": 12, "excluded_lines": 0}, "missing_lines": [117, 118, 123, 124, 125, 130, 132, 133, 134, 143, 144, 146], "excluded_lines": []}, "TempleManager._get_required_consciousness_level": {"executed_lines": [], "summary": {"covered_lines": 0, "num_statements": 4, "percent_covered": 0.0, "percent_covered_display": "0", "missing_lines": 4, "excluded_lines": 0}, "missing_lines": [158, 159, 160, 161], "excluded_lines": []}, "TempleManager.cultivate_wisdom_at_current_floor": {"executed_lines": [], "summary": {"covered_lines": 0, "num_statements": 8, "percent_covered": 0.0, "percent_covered_display": "0", "missing_lines": 8, "excluded_lines": 0}, "missing_lines": [173, 174, 175, 177, 180, 181, 182, 183], "excluded_lines": []}, "TempleManager.get_temple_map": {"executed_lines": [], "summary": {"covered_lines": 0, "num_statements": 17, "percent_covered": 0.0, "percent_covered_display": "0", "missing_lines": 17, "excluded_lines": 0}, "missing_lines": [198, 199, 200, 201, 202, 203, 205, 206, 208, 209, 211, 212, 220, 221, 222, 224, 226], "excluded_lines": []}, "TempleManager.get_temple_stats": {"executed_lines": [], "summary": {"covered_lines": 0, "num_statements": 2, "percent_covered": 0.0, "percent_covered_display": "0", "missing_lines": 2, "excluded_lines": 0}, "missing_lines": [241, 243], "excluded_lines": []}, "": {"executed_lines": [1, 16, 17, 18, 20, 22, 25, 26, 35, 48, 61, 85, 106, 156, 163, 188, 234], "summary": {"covered_lines": 15, "num_statements": 15, "percent_covered": 100.0, "percent_covered_display": "100", "missing_lines": 0, "excluded_lines": 0}, "missing_lines": [], "excluded_lines": []}}, "classes": {"TempleManager": {"executed_lines": [], "summary": {"covered_lines": 0, "num_statements": 55, "percent_covered": 0.0, "percent_covered_display": "0", "missing_lines": 55, "excluded_lines": 0}, "missing_lines": [68, 69, 70, 72, 73, 76, 79, 81, 82, 83, 96, 98, 117, 118, 123, 124, 125, 130, 132, 133, 134, 143, 144, 146, 158, 159, 160, 161, 173, 174, 175, 177, 180, 181, 182, 183, 198, 199, 200, 201, 202, 203, 205, 206, 208, 209, 211, 212, 220, 221, 222, 224, 226, 241, 243], "excluded_lines": []}, "": {"executed_lines": [1, 16, 17, 18, 20, 22, 25, 26, 35, 48, 61, 85, 106, 156, 163, 188, 234], "summary": {"covered_lines": 15, "num_statements": 15, "percent_covered": 100.0, "percent_covered_display": "100", "missing_lines": 0, "excluded_lines": 0}, "missing_lines": [], "excluded_lines": []}}}, "src\\copilot\\copilot_enhancement_bridge.py": {"executed_lines": [1, 9, 11, 12, 13, 14, 16, 17, 18, 19, 28, 29, 30, 35, 43, 44, 45, 46, 47, 48, 49, 50, 51, 52, 53, 54, 55, 57, 60, 64, 68, 69, 70, 72, 74, 76, 77, 78, 80, 81, 82, 83, 84, 86, 87, 88, 89, 93, 94, 95, 98, 125, 129, 130, 132, 147, 161, 162, 169, 170, 176, 177, 178, 180, 181, 182, 183, 184, 185, 186, 187, 189, 193, 199, 216, 230, 231, 232, 234, 235, 236, 237, 238, 239, 240, 242, 248, 266, 270, 292, 293, 295, 348, 363, 368, 402, 414, 428, 439, 469, 502, 559, 593, 613, 648, 656, 683, 727, 774, 796, 831, 847, 883, 911, 938, 949, 954, 959, 966, 980, 989, 1013, 1085, 1088, 1096, 1106, 1112, 1118, 1119, 1127, 1131], "summary": {"covered_lines": 124, "num_statements": 425, "percent_covered": 29.176470588235293, "percent_covered_display": "29", "missing_lines": 301, "excluded_lines": 3}, "missing_lines": [20, 21, 22, 24, 25, 26, 61, 65, 90, 91, 99, 100, 101, 102, 103, 104, 105, 107, 108, 109, 110, 111, 112, 113, 114, 115, 116, 119, 120, 121, 122, 165, 166, 167, 172, 173, 191, 195, 196, 197, 201, 211, 212, 214, 218, 244, 245, 246, 250, 251, 253, 254, 256, 258, 260, 262, 264, 268, 272, 281, 282, 284, 285, 286, 287, 289, 300, 301, 302, 305, 312, 313, 314, 315, 318, 319, 320, 323, 324, 326, 327, 330, 335, 341, 342, 343, 346, 353, 354, 356, 357, 365, 366, 370, 371, 388, 404, 405, 406, 407, 408, 409, 410, 411, 412, 416, 417, 423, 424, 425, 426, 430, 431, 447, 448, 451, 452, 455, 456, 458, 472, 494, 495, 496, 497, 498, 500, 508, 510, 512, 514, 516, 517, 519, 527, 561, 562, 565, 566, 568, 569, 570, 571, 572, 573, 576, 585, 595, 597, 607, 608, 609, 611, 615, 616, 618, 619, 628, 629, 637, 638, 646, 650, 651, 652, 653, 654, 661, 662, 663, 666, 676, 677, 678, 679, 681, 685, 686, 687, 708, 724, 725, 730, 731, 733, 742, 743, 751, 752, 760, 761, 770, 771, 772, 776, 778, 790, 791, 792, 794, 801, 802, 805, 815, 828, 829, 833, 850, 853, 854, 857, 858, 867, 868, 869, 871, 872, 874, 875, 889, 890, 891, 892, 893, 894, 901, 902, 903, 909, 918, 919, 920, 921, 922, 923, 924, 925, 926, 927, 928, 929, 930, 931, 932, 933, 934, 935, 936, 939, 940, 942, 943, 944, 945, 946, 947, 950, 951, 952, 955, 956, 957, 960, 961, 962, 963, 971, 972, 973, 985, 986, 994, 1001, 1002, 1003, 1005, 1025, 1028, 1031, 1034, 1037, 1040, 1043, 1046, 1049, 1052, 1053, 1059, 1060, 1062, 1072, 1091, 1092, 1093, 1102, 1103, 1108, 1109, 1114, 1115, 1128], "excluded_lines": [1131, 1133, 1136], "functions": {"_stub_log_consciousness": {"executed_lines": [], "summary": {"covered_lines": 0, "num_statements": 1, "percent_covered": 0.0, "percent_covered_display": "0", "missing_lines": 1, "excluded_lines": 0}, "missing_lines": [61], "excluded_lines": []}, "_stub_log_cultivation": {"executed_lines": [], "summary": {"covered_lines": 0, "num_statements": 1, "percent_covered": 0.0, "percent_covered_display": "0", "missing_lines": 1, "excluded_lines": 0}, "missing_lines": [65], "excluded_lines": []}, "ZetaSetLexemeGenerator.generate_from_context": {"executed_lines": [], "summary": {"covered_lines": 0, "num_statements": 3, "percent_covered": 0.0, "percent_covered_display": "0", "missing_lines": 3, "excluded_lines": 0}, "missing_lines": [165, 166, 167], "excluded_lines": []}, "ZetaSetLexemeGenerator.get_semantic_meaning": {"executed_lines": [], "summary": {"covered_lines": 0, "num_statements": 2, "percent_covered": 0.0, "percent_covered_display": "0", "missing_lines": 2, "excluded_lines": 0}, "missing_lines": [172, 173], "excluded_lines": []}, "OmniTag.add_layer": {"executed_lines": [], "summary": {"covered_lines": 0, "num_statements": 1, "percent_covered": 0.0, "percent_covered_display": "0", "missing_lines": 1, "excluded_lines": 0}, "missing_lines": [191], "excluded_lines": []}, "OmniTag.generate_lexeme": {"executed_lines": [], "summary": {"covered_lines": 0, "num_statements": 3, "percent_covered": 0.0, "percent_covered_display": "0", "missing_lines": 3, "excluded_lines": 0}, "missing_lines": [195, 196, 197], "excluded_lines": []}, "OmniTag.render": {"executed_lines": [], "summary": {"covered_lines": 0, "num_statements": 4, "percent_covered": 0.0, "percent_covered_display": "0", "missing_lines": 4, "excluded_lines": 0}, "missing_lines": [201, 211, 212, 214], "excluded_lines": []}, "OmniTag.to_dict": {"executed_lines": [], "summary": {"covered_lines": 0, "num_statements": 1, "percent_covered": 0.0, "percent_covered_display": "0", "missing_lines": 1, "excluded_lines": 0}, "missing_lines": [218], "excluded_lines": []}, "MegaTag.add_tag": {"executed_lines": [], "summary": {"covered_lines": 0, "num_statements": 3, "percent_covered": 0.0, "percent_covered_display": "0", "missing_lines": 3, "excluded_lines": 0}, "missing_lines": [244, 245, 246], "excluded_lines": []}, "MegaTag._calculate_consciousness_level": {"executed_lines": [], "summary": {"covered_lines": 0, "num_statements": 9, "percent_covered": 0.0, "percent_covered_display": "0", "missing_lines": 9, "excluded_lines": 0}, "missing_lines": [250, 251, 253, 254, 256, 258, 260, 262, 264], "excluded_lines": []}, "MegaTag._calculate_recursive_depth": {"executed_lines": [], "summary": {"covered_lines": 0, "num_statements": 1, "percent_covered": 0.0, "percent_covered_display": "0", "missing_lines": 1, "excluded_lines": 0}, "missing_lines": [268], "excluded_lines": []}, "MegaTag.summary": {"executed_lines": [], "summary": {"covered_lines": 0, "num_statements": 8, "percent_covered": 0.0, "percent_covered_display": "0", "missing_lines": 8, "excluded_lines": 0}, "missing_lines": [272, 281, 282, 284, 285, 286, 287, 289], "excluded_lines": []}, "EnhancedCopilotBridge.__init__": {"executed_lines": [], "summary": {"covered_lines": 0, "num_statements": 21, "percent_covered": 0.0, "percent_covered_display": "0", "missing_lines": 21, "excluded_lines": 0}, "missing_lines": [300, 301, 302, 305, 312, 313, 314, 315, 318, 319, 320, 323, 324, 326, 327, 330, 335, 341, 342, 343, 346], "excluded_lines": []}, "EnhancedCopilotBridge._register_tool_hooks": {"executed_lines": [], "summary": {"covered_lines": 0, "num_statements": 4, "percent_covered": 0.0, "percent_covered_display": "0", "missing_lines": 4, "excluded_lines": 0}, "missing_lines": [353, 354, 356, 357], "excluded_lines": []}, "EnhancedCopilotBridge._generate_session_id": {"executed_lines": [], "summary": {"covered_lines": 0, "num_statements": 2, "percent_covered": 0.0, "percent_covered_display": "0", "missing_lines": 2, "excluded_lines": 0}, "missing_lines": [365, 366], "excluded_lines": []}, "EnhancedCopilotBridge._initialize_database": {"executed_lines": [], "summary": {"covered_lines": 0, "num_statements": 3, "percent_covered": 0.0, "percent_covered_display": "0", "missing_lines": 3, "excluded_lines": 0}, "missing_lines": [370, 371, 388], "excluded_lines": []}, "EnhancedCopilotBridge._load_persistent_knowledge": {"executed_lines": [], "summary": {"covered_lines": 0, "num_statements": 9, "percent_covered": 0.0, "percent_covered_display": "0", "missing_lines": 9, "excluded_lines": 0}, "missing_lines": [404, 405, 406, 407, 408, 409, 410, 411, 412], "excluded_lines": []}, "EnhancedCopilotBridge._save_persistent_knowledge": {"executed_lines": [], "summary": {"covered_lines": 0, "num_statements": 6, "percent_covered": 0.0, "percent_covered_display": "0", "missing_lines": 6, "excluded_lines": 0}, "missing_lines": [416, 417, 423, 424, 425, 426], "excluded_lines": []}, "EnhancedCopilotBridge._log_bridge_activation": {"executed_lines": [], "summary": {"covered_lines": 0, "num_statements": 2, "percent_covered": 0.0, "percent_covered_display": "0", "missing_lines": 2, "excluded_lines": 0}, "missing_lines": [430, 431], "excluded_lines": []}, "EnhancedCopilotBridge._analyze_query_with_lexemes": {"executed_lines": [], "summary": {"covered_lines": 0, "num_statements": 7, "percent_covered": 0.0, "percent_covered_display": "0", "missing_lines": 7, "excluded_lines": 0}, "missing_lines": [447, 448, 451, 452, 455, 456, 458], "excluded_lines": []}, "EnhancedCopilotBridge._extract_intent_keywords": {"executed_lines": [], "summary": {"covered_lines": 0, "num_statements": 7, "percent_covered": 0.0, "percent_covered_display": "0", "missing_lines": 7, "excluded_lines": 0}, "missing_lines": [472, 494, 495, 496, 497, 498, 500], "excluded_lines": []}, "EnhancedCopilotBridge._build_repository_context": {"executed_lines": [], "summary": {"covered_lines": 0, "num_statements": 8, "percent_covered": 0.0, "percent_covered_display": "0", "missing_lines": 8, "excluded_lines": 0}, "missing_lines": [508, 510, 512, 514, 516, 517, 519, 527], "excluded_lines": []}, "EnhancedCopilotBridge._analyze_file_context": {"executed_lines": [], "summary": {"covered_lines": 0, "num_statements": 12, "percent_covered": 0.0, "percent_covered_display": "0", "missing_lines": 12, "excluded_lines": 0}, "missing_lines": [561, 562, 565, 566, 568, 569, 570, 571, 572, 573, 576, 585], "excluded_lines": []}, "EnhancedCopilotBridge._find_related_files": {"executed_lines": [], "summary": {"covered_lines": 0, "num_statements": 6, "percent_covered": 0.0, "percent_covered_display": "0", "missing_lines": 6, "excluded_lines": 0}, "missing_lines": [595, 597, 607, 608, 609, 611], "excluded_lines": []}, "EnhancedCopilotBridge._get_architecture_recommendations": {"executed_lines": [], "summary": {"covered_lines": 0, "num_statements": 9, "percent_covered": 0.0, "percent_covered_display": "0", "missing_lines": 9, "excluded_lines": 0}, "missing_lines": [615, 616, 618, 619, 628, 629, 637, 638, 646], "excluded_lines": []}, "EnhancedCopilotBridge._get_relevant_user_patterns": {"executed_lines": [], "summary": {"covered_lines": 0, "num_statements": 5, "percent_covered": 0.0, "percent_covered_display": "0", "missing_lines": 5, "excluded_lines": 0}, "missing_lines": [650, 651, 652, 653, 654], "excluded_lines": []}, "EnhancedCopilotBridge._create_omnitag": {"executed_lines": [], "summary": {"covered_lines": 0, "num_statements": 9, "percent_covered": 0.0, "percent_covered_display": "0", "missing_lines": 9, "excluded_lines": 0}, "missing_lines": [661, 662, 663, 666, 676, 677, 678, 679, 681], "excluded_lines": []}, "EnhancedCopilotBridge._store_interaction": {"executed_lines": [], "summary": {"covered_lines": 0, "num_statements": 6, "percent_covered": 0.0, "percent_covered_display": "0", "missing_lines": 6, "excluded_lines": 0}, "missing_lines": [685, 686, 687, 708, 724, 725], "excluded_lines": []}, "EnhancedCopilotBridge._generate_actionable_enhancements": {"executed_lines": [], "summary": {"covered_lines": 0, "num_statements": 12, "percent_covered": 0.0, "percent_covered_display": "0", "missing_lines": 12, "excluded_lines": 0}, "missing_lines": [730, 731, 733, 742, 743, 751, 752, 760, 761, 770, 771, 772], "excluded_lines": []}, "EnhancedCopilotBridge._generate_lexeme_enhancements": {"executed_lines": [], "summary": {"covered_lines": 0, "num_statements": 6, "percent_covered": 0.0, "percent_covered_display": "0", "missing_lines": 6, "excluded_lines": 0}, "missing_lines": [776, 778, 790, 791, 792, 794], "excluded_lines": []}, "EnhancedCopilotBridge._update_learning_systems": {"executed_lines": [], "summary": {"covered_lines": 0, "num_statements": 6, "percent_covered": 0.0, "percent_covered_display": "0", "missing_lines": 6, "excluded_lines": 0}, "missing_lines": [801, 802, 805, 815, 828, 829], "excluded_lines": []}, "EnhancedCopilotBridge.get_consciousness_summary": {"executed_lines": [], "summary": {"covered_lines": 0, "num_statements": 1, "percent_covered": 0.0, "percent_covered_display": "0", "missing_lines": 1, "excluded_lines": 0}, "missing_lines": [833], "excluded_lines": []}, "EnhancedCopilotBridge.cultivate_understanding": {"executed_lines": [], "summary": {"covered_lines": 0, "num_statements": 12, "percent_covered": 0.0, "percent_covered_display": "0", "missing_lines": 12, "excluded_lines": 0}, "missing_lines": [850, 853, 854, 857, 858, 867, 868, 869, 871, 872, 874, 875], "excluded_lines": []}, "EnhancedCopilotBridge.update_file_knowledge_map": {"executed_lines": [], "summary": {"covered_lines": 0, "num_statements": 10, "percent_covered": 0.0, "percent_covered_display": "0", "missing_lines": 10, "excluded_lines": 0}, "missing_lines": [889, 890, 891, 892, 893, 894, 901, 902, 903, 909], "excluded_lines": []}, "EnhancedCopilotBridge.parse_quest_log_for_context": {"executed_lines": [], "summary": {"covered_lines": 0, "num_statements": 19, "percent_covered": 0.0, "percent_covered_display": "0", "missing_lines": 19, "excluded_lines": 0}, "missing_lines": [918, 919, 920, 921, 922, 923, 924, 925, 926, 927, 928, 929, 930, 931, 932, 933, 934, 935, 936], "excluded_lines": []}, "EnhancedCopilotBridge._parse_json_line": {"executed_lines": [], "summary": {"covered_lines": 0, "num_statements": 8, "percent_covered": 0.0, "percent_covered_display": "0", "missing_lines": 8, "excluded_lines": 0}, "missing_lines": [939, 940, 942, 943, 944, 945, 946, 947], "excluded_lines": []}, "EnhancedCopilotBridge._handle_add_questline": {"executed_lines": [], "summary": {"covered_lines": 0, "num_statements": 3, "percent_covered": 0.0, "percent_covered_display": "0", "missing_lines": 3, "excluded_lines": 0}, "missing_lines": [950, 951, 952], "excluded_lines": []}, "EnhancedCopilotBridge._handle_add_quest": {"executed_lines": [], "summary": {"covered_lines": 0, "num_statements": 3, "percent_covered": 0.0, "percent_covered_display": "0", "missing_lines": 3, "excluded_lines": 0}, "missing_lines": [955, 956, 957], "excluded_lines": []}, "EnhancedCopilotBridge._handle_update_quest_status": {"executed_lines": [], "summary": {"covered_lines": 0, "num_statements": 4, "percent_covered": 0.0, "percent_covered_display": "0", "missing_lines": 4, "excluded_lines": 0}, "missing_lines": [960, 961, 962, 963], "excluded_lines": []}, "EnhancedCopilotBridge.log_event": {"executed_lines": [], "summary": {"covered_lines": 0, "num_statements": 3, "percent_covered": 0.0, "percent_covered_display": "0", "missing_lines": 3, "excluded_lines": 0}, "missing_lines": [971, 972, 973], "excluded_lines": []}, "EnhancedCopilotBridge.store_context_memory": {"executed_lines": [], "summary": {"covered_lines": 0, "num_statements": 2, "percent_covered": 0.0, "percent_covered_display": "0", "missing_lines": 2, "excluded_lines": 0}, "missing_lines": [985, 986], "excluded_lines": []}, "EnhancedCopilotBridge.launch_tool_hook": {"executed_lines": [], "summary": {"covered_lines": 0, "num_statements": 5, "percent_covered": 0.0, "percent_covered_display": "0", "missing_lines": 5, "excluded_lines": 0}, "missing_lines": [994, 1001, 1002, 1003, 1005], "excluded_lines": []}, "EnhancedCopilotBridge.enhance_search_context": {"executed_lines": [], "summary": {"covered_lines": 0, "num_statements": 15, "percent_covered": 0.0, "percent_covered_display": "0", "missing_lines": 15, "excluded_lines": 0}, "missing_lines": [1025, 1028, 1031, 1034, 1037, 1040, 1043, 1046, 1049, 1052, 1053, 1059, 1060, 1062, 1072], "excluded_lines": []}, "get_enhanced_bridge": {"executed_lines": [], "summary": {"covered_lines": 0, "num_statements": 3, "percent_covered": 0.0, "percent_covered_display": "0", "missing_lines": 3, "excluded_lines": 0}, "missing_lines": [1091, 1092, 1093], "excluded_lines": []}, "enhance_copilot_search": {"executed_lines": [], "summary": {"covered_lines": 0, "num_statements": 2, "percent_covered": 0.0, "percent_covered_display": "0", "missing_lines": 2, "excluded_lines": 0}, "missing_lines": [1102, 1103], "excluded_lines": []}, "get_bridge_consciousness": {"executed_lines": [], "summary": {"covered_lines": 0, "num_statements": 2, "percent_covered": 0.0, "percent_covered_display": "0", "missing_lines": 2, "excluded_lines": 0}, "missing_lines": [1108, 1109], "excluded_lines": []}, "cultivate_bridge_understanding": {"executed_lines": [], "summary": {"covered_lines": 0, "num_statements": 2, "percent_covered": 0.0, "percent_covered_display": "0", "missing_lines": 2, "excluded_lines": 0}, "missing_lines": [1114, 1115], "excluded_lines": []}, "CopilotEnhancementBridge.__init__": {"executed_lines": [], "summary": {"covered_lines": 0, "num_statements": 1, "percent_covered": 0.0, "percent_covered_display": "0", "missing_lines": 1, "excluded_lines": 0}, "missing_lines": [1128], "excluded_lines": []}, "": {"executed_lines": [1, 9, 11, 12, 13, 14, 16, 17, 18, 19, 28, 29, 30, 35, 43, 44, 45, 46, 47, 48, 49, 50, 51, 52, 53, 54, 55, 57, 60, 64, 68, 69, 70, 72, 74, 76, 77, 78, 80, 81, 82, 83, 84, 86, 87, 88, 89, 93, 94, 95, 98, 125, 129, 130, 132, 147, 161, 162, 169, 170, 176, 177, 178, 180, 181, 182, 183, 184, 185, 186, 187, 189, 193, 199, 216, 230, 231, 232, 234, 235, 236, 237, 238, 239, 240, 242, 248, 266, 270, 292, 293, 295, 348, 363, 368, 402, 414, 428, 439, 469, 502, 559, 593, 613, 648, 656, 683, 727, 774, 796, 831, 847, 883, 911, 938, 949, 954, 959, 966, 980, 989, 1013, 1085, 1088, 1096, 1106, 1112, 1118, 1119, 1127, 1131], "summary": {"covered_lines": 124, "num_statements": 153, "percent_covered": 81.04575163398692, "percent_covered_display": "81", "missing_lines": 29, "excluded_lines": 3}, "missing_lines": [20, 21, 22, 24, 25, 26, 90, 91, 99, 100, 101, 102, 103, 104, 105, 107, 108, 109, 110, 111, 112, 113, 114, 115, 116, 119, 120, 121, 122], "excluded_lines": [1131, 1133, 1136]}}, "classes": {"ZetaSetLexemeGenerator": {"executed_lines": [], "summary": {"covered_lines": 0, "num_statements": 5, "percent_covered": 0.0, "percent_covered_display": "0", "missing_lines": 5, "excluded_lines": 0}, "missing_lines": [165, 166, 167, 172, 173], "excluded_lines": []}, "OmniTag": {"executed_lines": [], "summary": {"covered_lines": 0, "num_statements": 9, "percent_covered": 0.0, "percent_covered_display": "0", "missing_lines": 9, "excluded_lines": 0}, "missing_lines": [191, 195, 196, 197, 201, 211, 212, 214, 218], "excluded_lines": []}, "MegaTag": {"executed_lines": [], "summary": {"covered_lines": 0, "num_statements": 21, "percent_covered": 0.0, "percent_covered_display": "0", "missing_lines": 21, "excluded_lines": 0}, "missing_lines": [244, 245, 246, 250, 251, 253, 254, 256, 258, 260, 262, 264, 268, 272, 281, 282, 284, 285, 286, 287, 289], "excluded_lines": []}, "EnhancedCopilotBridge": {"executed_lines": [], "summary": {"covered_lines": 0, "num_statements": 225, "percent_covered": 0.0, "percent_covered_display": "0", "missing_lines": 225, "excluded_lines": 0}, "missing_lines": [300, 301, 302, 305, 312, 313, 314, 315, 318, 319, 320, 323, 324, 326, 327, 330, 335, 341, 342, 343, 346, 353, 354, 356, 357, 365, 366, 370, 371, 388, 404, 405, 406, 407, 408, 409, 410, 411, 412, 416, 417, 423, 424, 425, 426, 430, 431, 447, 448, 451, 452, 455, 456, 458, 472, 494, 495, 496, 497, 498, 500, 508, 510, 512, 514, 516, 517, 519, 527, 561, 562, 565, 566, 568, 569, 570, 571, 572, 573, 576, 585, 595, 597, 607, 608, 609, 611, 615, 616, 618, 619, 628, 629, 637, 638, 646, 650, 651, 652, 653, 654, 661, 662, 663, 666, 676, 677, 678, 679, 681, 685, 686, 687, 708, 724, 725, 730, 731, 733, 742, 743, 751, 752, 760, 761, 770, 771, 772, 776, 778, 790, 791, 792, 794, 801, 802, 805, 815, 828, 829, 833, 850, 853, 854, 857, 858, 867, 868, 869, 871, 872, 874, 875, 889, 890, 891, 892, 893, 894, 901, 902, 903, 909, 918, 919, 920, 921, 922, 923, 924, 925, 926, 927, 928, 929, 930, 931, 932, 933, 934, 935, 936, 939, 940, 942, 943, 944, 945, 946, 947, 950, 951, 952, 955, 956, 957, 960, 961, 962, 963, 971, 972, 973, 985, 986, 994, 1001, 1002, 1003, 1005, 1025, 1028, 1031, 1034, 1037, 1040, 1043, 1046, 1049, 1052, 1053, 1059, 1060, 1062, 1072], "excluded_lines": []}, "CopilotEnhancementBridge": {"executed_lines": [], "summary": {"covered_lines": 0, "num_statements": 1, "percent_covered": 0.0, "percent_covered_display": "0", "missing_lines": 1, "excluded_lines": 0}, "missing_lines": [1128], "excluded_lines": []}, "": {"executed_lines": [1, 9, 11, 12, 13, 14, 16, 17, 18, 19, 28, 29, 30, 35, 43, 44, 45, 46, 47, 48, 49, 50, 51, 52, 53, 54, 55, 57, 60, 64, 68, 69, 70, 72, 74, 76, 77, 78, 80, 81, 82, 83, 84, 86, 87, 88, 89, 93, 94, 95, 98, 125, 129, 130, 132, 147, 161, 162, 169, 170, 176, 177, 178, 180, 181, 182, 183, 184, 185, 186, 187, 189, 193, 199, 216, 230, 231, 232, 234, 235, 236, 237, 238, 239, 240, 242, 248, 266, 270, 292, 293, 295, 348, 363, 368, 402, 414, 428, 439, 469, 502, 559, 593, 613, 648, 656, 683, 727, 774, 796, 831, 847, 883, 911, 938, 949, 954, 959, 966, 980, 989, 1013, 1085, 1088, 1096, 1106, 1112, 1118, 1119, 1127, 1131], "summary": {"covered_lines": 124, "num_statements": 164, "percent_covered": 75.60975609756098, "percent_covered_display": "76", "missing_lines": 40, "excluded_lines": 3}, "missing_lines": [20, 21, 22, 24, 25, 26, 61, 65, 90, 91, 99, 100, 101, 102, 103, 104, 105, 107, 108, 109, 110, 111, 112, 113, 114, 115, 116, 119, 120, 121, 122, 1091, 1092, 1093, 1102, 1103, 1108, 1109, 1114, 1115], "excluded_lines": [1131, 1133, 1136]}}}, "src\\copilot\\megatag_processor.py": {"executed_lines": [1, 18, 19, 20, 21, 22, 25, 26, 28, 51, 61, 68, 76, 81, 92, 107, 129, 138, 149, 165, 166, 180, 181, 183, 194, 221, 242, 261, 281, 298, 317, 343, 370, 393, 398, 403, 412, 432, 472], "summary": {"covered_lines": 35, "num_statements": 187, "percent_covered": 18.71657754010695, "percent_covered_display": "19", "missing_lines": 152, "excluded_lines": 6}, "missing_lines": [37, 38, 39, 40, 41, 42, 43, 46, 47, 48, 49, 53, 63, 64, 65, 66, 71, 72, 73, 74, 78, 79, 83, 90, 94, 95, 98, 105, 109, 120, 121, 123, 124, 125, 127, 132, 135, 136, 140, 147, 151, 168, 176, 177, 184, 185, 187, 188, 189, 190, 192, 197, 198, 199, 200, 201, 204, 213, 214, 217, 219, 223, 226, 227, 228, 230, 244, 263, 266, 269, 270, 273, 274, 277, 279, 284, 287, 288, 290, 300, 303, 304, 305, 308, 309, 310, 313, 315, 321, 322, 325, 326, 328, 329, 330, 331, 333, 335, 336, 338, 339, 341, 345, 354, 355, 364, 365, 366, 368, 373, 374, 375, 378, 379, 380, 381, 384, 389, 390, 391, 395, 396, 400, 401, 405, 406, 407, 408, 409, 410, 414, 415, 417, 418, 419, 420, 421, 423, 424, 425, 427, 428, 429, 430, 434, 435, 438, 441, 444, 449, 454, 458], "excluded_lines": [472, 474, 477, 514, 515, 518], "functions": {"MegaTag.__init__": {"executed_lines": [], "summary": {"covered_lines": 0, "num_statements": 11, "percent_covered": 0.0, "percent_covered_display": "0", "missing_lines": 11, "excluded_lines": 0}, "missing_lines": [37, 38, 39, 40, 41, 42, 43, 46, 47, 48, 49], "excluded_lines": []}, "MegaTag._generate_dimensional_mapping": {"executed_lines": [], "summary": {"covered_lines": 0, "num_statements": 1, "percent_covered": 0.0, "percent_covered_display": "0", "missing_lines": 1, "excluded_lines": 0}, "missing_lines": [53], "excluded_lines": []}, "MegaTag._calculate_semantic_dimension": {"executed_lines": [], "summary": {"covered_lines": 0, "num_statements": 4, "percent_covered": 0.0, "percent_covered_display": "0", "missing_lines": 4, "excluded_lines": 0}, "missing_lines": [63, 64, 65, 66], "excluded_lines": []}, "MegaTag._calculate_temporal_dimension": {"executed_lines": [], "summary": {"covered_lines": 0, "num_statements": 4, "percent_covered": 0.0, "percent_covered_display": "0", "missing_lines": 4, "excluded_lines": 0}, "missing_lines": [71, 72, 73, 74], "excluded_lines": []}, "MegaTag._calculate_relational_dimension": {"executed_lines": [], "summary": {"covered_lines": 0, "num_statements": 2, "percent_covered": 0.0, "percent_covered_display": "0", "missing_lines": 2, "excluded_lines": 0}, "missing_lines": [78, 79], "excluded_lines": []}, "MegaTag._calculate_cognitive_dimension": {"executed_lines": [], "summary": {"covered_lines": 0, "num_statements": 2, "percent_covered": 0.0, "percent_covered_display": "0", "missing_lines": 2, "excluded_lines": 0}, "missing_lines": [83, 90], "excluded_lines": []}, "MegaTag._calculate_quantum_dimension": {"executed_lines": [], "summary": {"covered_lines": 0, "num_statements": 4, "percent_covered": 0.0, "percent_covered_display": "0", "missing_lines": 4, "excluded_lines": 0}, "missing_lines": [94, 95, 98, 105], "excluded_lines": []}, "MegaTag._calculate_consciousness_binding": {"executed_lines": [], "summary": {"covered_lines": 0, "num_statements": 7, "percent_covered": 0.0, "percent_covered_display": "0", "missing_lines": 7, "excluded_lines": 0}, "missing_lines": [109, 120, 121, 123, 124, 125, 127], "excluded_lines": []}, "MegaTag._calculate_network_resonance": {"executed_lines": [], "summary": {"covered_lines": 0, "num_statements": 3, "percent_covered": 0.0, "percent_covered_display": "0", "missing_lines": 3, "excluded_lines": 0}, "missing_lines": [132, 135, 136], "excluded_lines": []}, "MegaTag._assess_evolution_potential": {"executed_lines": [], "summary": {"covered_lines": 0, "num_statements": 2, "percent_covered": 0.0, "percent_covered_display": "0", "missing_lines": 2, "excluded_lines": 0}, "missing_lines": [140, 147], "excluded_lines": []}, "MegaTag.to_dict": {"executed_lines": [], "summary": {"covered_lines": 0, "num_statements": 1, "percent_covered": 0.0, "percent_covered_display": "0", "missing_lines": 1, "excluded_lines": 0}, "missing_lines": [151], "excluded_lines": []}, "MegaTag.from_dict": {"executed_lines": [], "summary": {"covered_lines": 0, "num_statements": 3, "percent_covered": 0.0, "percent_covered_display": "0", "missing_lines": 3, "excluded_lines": 0}, "missing_lines": [168, 176, 177], "excluded_lines": []}, "MegaTagProcessor.__init__": {"executed_lines": [], "summary": {"covered_lines": 0, "num_statements": 7, "percent_covered": 0.0, "percent_covered_display": "0", "missing_lines": 7, "excluded_lines": 0}, "missing_lines": [184, 185, 187, 188, 189, 190, 192], "excluded_lines": []}, "MegaTagProcessor.create_mega_tag": {"executed_lines": [], "summary": {"covered_lines": 0, "num_statements": 10, "percent_covered": 0.0, "percent_covered_display": "0", "missing_lines": 10, "excluded_lines": 0}, "missing_lines": [197, 198, 199, 200, 201, 204, 213, 214, 217, 219], "excluded_lines": []}, "MegaTagProcessor.process_mega_tag": {"executed_lines": [], "summary": {"covered_lines": 0, "num_statements": 5, "percent_covered": 0.0, "percent_covered_display": "0", "missing_lines": 5, "excluded_lines": 0}, "missing_lines": [223, 226, 227, 228, 230], "excluded_lines": []}, "MegaTagProcessor._analyze_tag_context": {"executed_lines": [], "summary": {"covered_lines": 0, "num_statements": 1, "percent_covered": 0.0, "percent_covered_display": "0", "missing_lines": 1, "excluded_lines": 0}, "missing_lines": [244], "excluded_lines": []}, "MegaTagProcessor._extract_contextual_keywords": {"executed_lines": [], "summary": {"covered_lines": 0, "num_statements": 8, "percent_covered": 0.0, "percent_covered_display": "0", "missing_lines": 8, "excluded_lines": 0}, "missing_lines": [263, 266, 269, 270, 273, 274, 277, 279], "excluded_lines": []}, "MegaTagProcessor._calculate_network_position": {"executed_lines": [], "summary": {"covered_lines": 0, "num_statements": 4, "percent_covered": 0.0, "percent_covered_display": "0", "missing_lines": 4, "excluded_lines": 0}, "missing_lines": [284, 287, 288, 290], "excluded_lines": []}, "MegaTagProcessor._find_connected_tags": {"executed_lines": [], "summary": {"covered_lines": 0, "num_statements": 9, "percent_covered": 0.0, "percent_covered_display": "0", "missing_lines": 9, "excluded_lines": 0}, "missing_lines": [300, 303, 304, 305, 308, 309, 310, 313, 315], "excluded_lines": []}, "MegaTagProcessor._calculate_clustering_coefficient": {"executed_lines": [], "summary": {"covered_lines": 0, "num_statements": 14, "percent_covered": 0.0, "percent_covered_display": "0", "missing_lines": 14, "excluded_lines": 0}, "missing_lines": [321, 322, 325, 326, 328, 329, 330, 331, 333, 335, 336, 338, 339, 341], "excluded_lines": []}, "MegaTagProcessor._predict_evolution_trajectory": {"executed_lines": [], "summary": {"covered_lines": 0, "num_statements": 7, "percent_covered": 0.0, "percent_covered_display": "0", "missing_lines": 7, "excluded_lines": 0}, "missing_lines": [345, 354, 355, 364, 365, 366, 368], "excluded_lines": []}, "MegaTagProcessor._update_indexes": {"executed_lines": [], "summary": {"covered_lines": 0, "num_statements": 11, "percent_covered": 0.0, "percent_covered_display": "0", "missing_lines": 11, "excluded_lines": 0}, "missing_lines": [373, 374, 375, 378, 379, 380, 381, 384, 389, 390, 391], "excluded_lines": []}, "MegaTagProcessor.find_tags_by_type": {"executed_lines": [], "summary": {"covered_lines": 0, "num_statements": 2, "percent_covered": 0.0, "percent_covered_display": "0", "missing_lines": 2, "excluded_lines": 0}, "missing_lines": [395, 396], "excluded_lines": []}, "MegaTagProcessor.get_quantum_coherent_tags": {"executed_lines": [], "summary": {"covered_lines": 0, "num_statements": 2, "percent_covered": 0.0, "percent_covered_display": "0", "missing_lines": 2, "excluded_lines": 0}, "missing_lines": [400, 401], "excluded_lines": []}, "MegaTagProcessor.save_megatag": {"executed_lines": [], "summary": {"covered_lines": 0, "num_statements": 6, "percent_covered": 0.0, "percent_covered_display": "0", "missing_lines": 6, "excluded_lines": 0}, "missing_lines": [405, 406, 407, 408, 409, 410], "excluded_lines": []}, "MegaTagProcessor.load_existing_megatags": {"executed_lines": [], "summary": {"covered_lines": 0, "num_statements": 14, "percent_covered": 0.0, "percent_covered_display": "0", "missing_lines": 14, "excluded_lines": 0}, "missing_lines": [414, 415, 417, 418, 419, 420, 421, 423, 424, 425, 427, 428, 429, 430], "excluded_lines": []}, "MegaTagProcessor.get_network_statistics": {"executed_lines": [], "summary": {"covered_lines": 0, "num_statements": 8, "percent_covered": 0.0, "percent_covered_display": "0", "missing_lines": 8, "excluded_lines": 0}, "missing_lines": [434, 435, 438, 441, 444, 449, 454, 458], "excluded_lines": []}, "": {"executed_lines": [1, 18, 19, 20, 21, 22, 25, 26, 28, 51, 61, 68, 76, 81, 92, 107, 129, 138, 149, 165, 166, 180, 181, 183, 194, 221, 242, 261, 281, 298, 317, 343, 370, 393, 398, 403, 412, 432, 472], "summary": {"covered_lines": 35, "num_statements": 35, "percent_covered": 100.0, "percent_covered_display": "100", "missing_lines": 0, "excluded_lines": 6}, "missing_lines": [], "excluded_lines": [472, 474, 477, 514, 515, 518]}}, "classes": {"MegaTag": {"executed_lines": [], "summary": {"covered_lines": 0, "num_statements": 44, "percent_covered": 0.0, "percent_covered_display": "0", "missing_lines": 44, "excluded_lines": 0}, "missing_lines": [37, 38, 39, 40, 41, 42, 43, 46, 47, 48, 49, 53, 63, 64, 65, 66, 71, 72, 73, 74, 78, 79, 83, 90, 94, 95, 98, 105, 109, 120, 121, 123, 124, 125, 127, 132, 135, 136, 140, 147, 151, 168, 176, 177], "excluded_lines": []}, "MegaTagProcessor": {"executed_lines": [], "summary": {"covered_lines": 0, "num_statements": 108, "percent_covered": 0.0, "percent_covered_display": "0", "missing_lines": 108, "excluded_lines": 0}, "missing_lines": [184, 185, 187, 188, 189, 190, 192, 197, 198, 199, 200, 201, 204, 213, 214, 217, 219, 223, 226, 227, 228, 230, 244, 263, 266, 269, 270, 273, 274, 277, 279, 284, 287, 288, 290, 300, 303, 304, 305, 308, 309, 310, 313, 315, 321, 322, 325, 326, 328, 329, 330, 331, 333, 335, 336, 338, 339, 341, 345, 354, 355, 364, 365, 366, 368, 373, 374, 375, 378, 379, 380, 381, 384, 389, 390, 391, 395, 396, 400, 401, 405, 406, 407, 408, 409, 410, 414, 415, 417, 418, 419, 420, 421, 423, 424, 425, 427, 428, 429, 430, 434, 435, 438, 441, 444, 449, 454, 458], "excluded_lines": []}, "": {"executed_lines": [1, 18, 19, 20, 21, 22, 25, 26, 28, 51, 61, 68, 76, 81, 92, 107, 129, 138, 149, 165, 166, 180, 181, 183, 194, 221, 242, 261, 281, 298, 317, 343, 370, 393, 398, 403, 412, 432, 472], "summary": {"covered_lines": 35, "num_statements": 35, "percent_covered": 100.0, "percent_covered_display": "100", "missing_lines": 0, "excluded_lines": 6}, "missing_lines": [], "excluded_lines": [472, 474, 477, 514, 515, 518]}}}, "src\\copilot\\omnitag_system.py": {"executed_lines": [1, 18, 19, 20, 21, 22, 25, 26, 28, 49, 55, 62, 67, 81, 82, 94, 95, 97, 107, 139, 143, 148, 156, 197, 208, 217, 244, 268, 292], "summary": {"covered_lines": 25, "num_statements": 147, "percent_covered": 17.006802721088434, "percent_covered_display": "17", "missing_lines": 122, "excluded_lines": 13}, "missing_lines": [37, 38, 39, 40, 41, 42, 45, 46, 47, 52, 53, 57, 58, 59, 60, 64, 65, 69, 84, 98, 99, 101, 102, 103, 105, 110, 111, 112, 113, 116, 124, 127, 128, 129, 132, 135, 137, 141, 145, 146, 150, 151, 152, 153, 154, 158, 159, 161, 162, 163, 164, 166, 167, 168, 169, 171, 172, 173, 174, 176, 177, 178, 181, 182, 183, 184, 185, 188, 189, 190, 191, 192, 193, 195, 199, 200, 203, 204, 205, 206, 210, 211, 212, 213, 214, 215, 219, 220, 222, 223, 224, 225, 226, 228, 229, 232, 233, 234, 237, 239, 240, 241, 242, 246, 247, 248, 250, 251, 253, 261, 262, 264, 265, 266, 270, 271, 272, 274, 275, 276, 277, 279], "excluded_lines": [292, 294, 297, 319, 320, 321, 322, 325, 328, 329, 330, 331, 332], "functions": {"OmniTag.__init__": {"executed_lines": [], "summary": {"covered_lines": 0, "num_statements": 9, "percent_covered": 0.0, "percent_cover
[...]
9, 263, 264, 287, 288, 289, 291, 292, 296, 297, 299, 300, 303, 304, 306, 307, 309, 314, 316, 320, 344, 345, 346, 347, 349, 350, 351, 352, 353, 354, 356, 357, 392, 393, 398, 399, 421, 422, 424, 425, 427, 428, 429, 431, 432, 433, 434, 435, 436, 437, 439, 457, 458, 462, 466, 467, 468, 469, 470, 471, 480], "excluded_lines": [], "functions": {"ServiceWeights.calculate_timeout": {"executed_lines": [59, 63, 69, 72, 73, 81, 91], "summary": {"covered_lines": 7, "num_statements": 13, "percent_covered": 53.84615384615385, "percent_covered_display": "54", "missing_lines": 6, "excluded_lines": 0}, "missing_lines": [60, 74, 75, 76, 77, 78], "excluded_lines": []}, "ServiceWeights.record_performance": {"executed_lines": [], "summary": {"covered_lines": 0, "num_statements": 3, "percent_covered": 0.0, "percent_covered_display": "0", "missing_lines": 3, "excluded_lines": 0}, "missing_lines": [95, 96, 97], "excluded_lines": []}, "IntelligentTimeoutManager.__init__": {"executed_lines": [109, 110, 111, 112], "summary": {"covered_lines": 4, "num_statements": 4, "percent_covered": 100.0, "percent_covered_display": "100", "missing_lines": 0, "excluded_lines": 0}, "missing_lines": [], "excluded_lines": []}, "IntelligentTimeoutManager._load_service_weights": {"executed_lines": [117, 206, 207, 208, 209, 210, 211, 213, 216, 220], "summary": {"covered_lines": 10, "num_statements": 12, "percent_covered": 83.33333333333333, "percent_covered_display": "83", "missing_lines": 2, "excluded_lines": 0}, "missing_lines": [217, 218], "excluded_lines": []}, "IntelligentTimeoutManager.save_config": {"executed_lines": [], "summary": {"covered_lines": 0, "num_statements": 9, "percent_covered": 0.0, "percent_covered_display": "0", "missing_lines": 9, "excluded_lines": 0}, "missing_lines": [224, 226, 227, 228, 234, 235, 236, 237, 238], "excluded_lines": []}, "IntelligentTimeoutManager.get_timeout": {"executed_lines": [258, 261, 262, 266, 272, 278], "summary": {"covered_lines": 6, "num_statements": 9, "percent_covered": 66.66666666666667, "percent_covered_display": "67", "missing_lines": 3, "excluded_lines": 0}, "missing_lines": [259, 263, 264], "excluded_lines": []}, "IntelligentTimeoutManager.record_completion": {"executed_lines": [], "summary": {"covered_lines": 0, "num_statements": 5, "percent_covered": 0.0, "percent_covered_display": "0", "missing_lines": 5, "excluded_lines": 0}, "missing_lines": [287, 288, 289, 291, 292], "excluded_lines": []}, "IntelligentTimeoutManager._update_system_load": {"executed_lines": [], "summary": {"covered_lines": 0, "num_statements": 11, "percent_covered": 0.0, "percent_covered_display": "0", "missing_lines": 11, "excluded_lines": 0}, "missing_lines": [296, 297, 299, 300, 303, 304, 306, 307, 309, 314, 316], "excluded_lines": []}, "IntelligentTimeoutManager.get_all_timeouts": {"executed_lines": [], "summary": {"covered_lines": 0, "num_statements": 1, "percent_covered": 0.0, "percent_covered_display": "0", "missing_lines": 1, "excluded_lines": 0}, "missing_lines": [320], "excluded_lines": []}, "IntelligentTimeoutManager.adjust_service_weight": {"executed_lines": [], "summary": {"covered_lines": 0, "num_statements": 12, "percent_covered": 0.0, "percent_covered_display": "0", "missing_lines": 12, "excluded_lines": 0}, "missing_lines": [344, 345, 346, 347, 349, 350, 351, 352, 353, 354, 356, 357], "excluded_lines": []}, "get_intelligent_timeout_manager": {"executed_lines": [372, 373, 374], "summary": {"covered_lines": 3, "num_statements": 3, "percent_covered": 100.0, "percent_covered_display": "100", "missing_lines": 0, "excluded_lines": 0}, "missing_lines": [], "excluded_lines": []}, "get_adaptive_timeout": {"executed_lines": [], "summary": {"covered_lines": 0, "num_statements": 2, "percent_covered": 0.0, "percent_covered_display": "0", "missing_lines": 2, "excluded_lines": 0}, "missing_lines": [392, 393], "excluded_lines": []}, "record_service_completion": {"executed_lines": [], "summary": {"covered_lines": 0, "num_statements": 2, "percent_covered": 0.0, "percent_covered_display": "0", "missing_lines": 2, "excluded_lines": 0}, "missing_lines": [398, 399], "excluded_lines": []}, "TimeoutCalculator.__init__": {"executed_lines": [], "summary": {"covered_lines": 0, "num_statements": 15, "percent_covered": 0.0, "percent_covered_display": "0", "missing_lines": 15, "excluded_lines": 0}, "missing_lines": [421, 422, 424, 425, 427, 428, 429, 431, 432, 433, 434, 435, 436, 437, 439], "excluded_lines": []}, "TimeoutCalculator.calculate": {"executed_lines": [], "summary": {"covered_lines": 0, "num_statements": 2, "percent_covered": 0.0, "percent_covered_display": "0", "missing_lines": 2, "excluded_lines": 0}, "missing_lines": [457, 458], "excluded_lines": []}, "TimeoutCalculator.record": {"executed_lines": [], "summary": {"covered_lines": 0, "num_statements": 1, "percent_covered": 0.0, "percent_covered_display": "0", "missing_lines": 1, "excluded_lines": 0}, "missing_lines": [462], "excluded_lines": []}, "TimeoutCalculator.record_performance": {"executed_lines": [], "summary": {"covered_lines": 0, "num_statements": 6, "percent_covered": 0.0, "percent_covered_display": "0", "missing_lines": 6, "excluded_lines": 0}, "missing_lines": [466, 467, 468, 469, 470, 471], "excluded_lines": []}, "TimeoutCalculator.calculate_timeout": {"executed_lines": [], "summary": {"covered_lines": 0, "num_statements": 1, "percent_covered": 0.0, "percent_covered_display": "0", "missing_lines": 1, "excluded_lines": 0}, "missing_lines": [480], "excluded_lines": []}, "": {"executed_lines": [1, 19, 20, 21, 22, 23, 24, 26, 29, 30, 31, 33, 34, 35, 36, 37, 38, 39, 40, 41, 43, 93, 100, 101, 103, 114, 222, 240, 280, 294, 318, 329, 361, 362, 366, 369, 377, 396, 405, 406, 414, 441, 460, 464, 474], "summary": {"covered_lines": 40, "num_statements": 40, "percent_covered": 100.0, "percent_covered_display": "100", "missing_lines": 0, "excluded_lines": 0}, "missing_lines": [], "excluded_lines": []}}, "classes": {"ServiceWeights": {"executed_lines": [59, 63, 69, 72, 73, 81, 91], "summary": {"covered_lines": 7, "num_statements": 16, "percent_covered": 43.75, "percent_covered_display": "44", "missing_lines": 9, "excluded_lines": 0}, "missing_lines": [60, 74, 75, 76, 77, 78, 95, 96, 97], "excluded_lines": []}, "IntelligentTimeoutManager": {"executed_lines": [109, 110, 111, 112, 117, 206, 207, 208, 209, 210, 211, 213, 216, 220, 258, 261, 262, 266, 272, 278], "summary": {"covered_lines": 20, "num_statements": 63, "percent_covered": 31.746031746031747, "percent_covered_display": "32", "missing_lines": 43, "excluded_lines": 0}, "missing_lines": [217, 218, 224, 226, 227, 228, 234, 235, 236, 237, 238, 259, 263, 264, 287, 288, 289, 291, 292, 296, 297, 299, 300, 303, 304, 306, 307, 309, 314, 316, 320, 344, 345, 346, 347, 349, 350, 351, 352, 353, 354, 356, 357], "excluded_lines": []}, "ServiceTimeoutManager": {"executed_lines": [], "summary": {"covered_lines": 0, "num_statements": 0, "percent_covered": 100.0, "percent_covered_display": "100", "missing_lines": 0, "excluded_lines": 0}, "missing_lines": [], "excluded_lines": []}, "TimeoutCalculator": {"executed_lines": [], "summary": {"covered_lines": 0, "num_statements": 25, "percent_covered": 0.0, "percent_covered_display": "0", "missing_lines": 25, "excluded_lines": 0}, "missing_lines": [421, 422, 424, 425, 427, 428, 429, 431, 432, 433, 434, 435, 436, 437, 439, 457, 458, 462, 466, 467, 468, 469, 470, 471, 480], "excluded_lines": []}, "": {"executed_lines": [1, 19, 20, 21, 22, 23, 24, 26, 29, 30, 31, 33, 34, 35, 36, 37, 38, 39, 40, 41, 43, 93, 100, 101, 103, 114, 222, 240, 280, 294, 318, 329, 361, 362, 366, 369, 372, 373, 374, 377, 396, 405, 406, 414, 441, 460, 464, 474], "summary": {"covered_lines": 43, "num_statements": 47, "percent_covered": 91.48936170212765, "percent_covered_display": "91", "missing_lines": 4, "excluded_lines": 0}, "missing_lines": [392, 393, 398, 399], "excluded_lines": []}}}, "src\\utils\\repo_path_resolver.py": {"executed_lines": [1, 22, 23, 24, 25, 26, 28, 29, 30, 39, 40, 56, 59, 65, 67, 68, 69, 71, 72, 74, 75, 76, 78, 79, 83, 86, 92, 93, 94, 98, 101, 102, 105, 106, 107, 112, 113, 114, 115, 117, 119, 122, 123, 124, 127, 128, 129, 131, 132, 137, 150, 159, 161, 165, 169, 178, 182, 194, 210, 211, 214, 219, 225, 231, 237], "summary": {"covered_lines": 61, "num_statements": 83, "percent_covered": 73.49397590361446, "percent_covered_display": "73", "missing_lines": 22, "excluded_lines": 23}, "missing_lines": [31, 32, 33, 81, 96, 108, 109, 120, 134, 135, 151, 155, 163, 167, 176, 180, 216, 221, 222, 227, 228, 233], "excluded_lines": [182, 183, 184, 185, 186, 187, 188, 237, 238, 241, 242, 243, 244, 245, 250, 251, 252, 255, 256, 257, 258, 259, 260], "functions": {"RepositoryPathResolver.__init__": {"executed_lines": [67, 68, 69], "summary": {"covered_lines": 3, "num_statements": 3, "percent_covered": 100.0, "percent_covered_display": "100", "missing_lines": 0, "excluded_lines": 0}, "missing_lines": [], "excluded_lines": []}, "RepositoryPathResolver.get_instance": {"executed_lines": [74, 75, 76], "summary": {"covered_lines": 3, "num_statements": 3, "percent_covered": 100.0, "percent_covered_display": "100", "missing_lines": 0, "excluded_lines": 0}, "missing_lines": [], "excluded_lines": []}, "RepositoryPathResolver.reset_instance": {"executed_lines": [], "summary": {"covered_lines": 0, "num_statements": 1, "percent_covered": 0.0, "percent_covered_display": "0", "missing_lines": 1, "excluded_lines": 0}, "missing_lines": [81], "excluded_lines": []}, "RepositoryPathResolver._find_manifest": {"executed_lines": [86, 92, 93, 94], "summary": {"covered_lines": 4, "num_statements": 5, "percent_covered": 80.0, "percent_covered_display": "80", "missing_lines": 1, "excluded_lines": 0}, "missing_lines": [96], "excluded_lines": []}, "RepositoryPathResolver._load_paths": {"executed_lines": [101, 102, 105, 106, 107, 112, 113, 114, 115], "summary": {"covered_lines": 9, "num_statements": 11, "percent_covered": 81.81818181818181, "percent_covered_display": "82", "missing_lines": 2, "excluded_lines": 0}, "missing_lines": [108, 109], "excluded_lines": []}, "RepositoryPathResolver._load_from_manifest": {"executed_lines": [119, 122, 123, 124, 127, 128, 129, 131, 132], "summary": {"covered_lines": 9, "num_statements": 12, "percent_covered": 75.0, "percent_covered_display": "75", "missing_lines": 3, "excluded_lines": 0}, "missing_lines": [120, 134, 135], "excluded_lines": []}, "RepositoryPathResolver.get_path": {"executed_lines": [150, 159], "summary": {"covered_lines": 2, "num_statements": 4, "percent_covered": 50.0, "percent_covered_display": "50", "missing_lines": 2, "excluded_lines": 0}, "missing_lines": [151, 155], "excluded_lines": []}, "RepositoryPathResolver.get_path_str": {"executed_lines": [], "summary": {"covered_lines": 0, "num_statements": 1, "percent_covered": 0.0, "percent_covered_display": "0", "missing_lines": 1, "excluded_lines": 0}, "missing_lines": [163], "excluded_lines": []}, "RepositoryPathResolver.all_paths": {"executed_lines": [], "summary": {"covered_lines": 0, "num_statements": 1, "percent_covered": 0.0, "percent_covered_display": "0", "missing_lines": 1, "excluded_lines": 0}, "missing_lines": [167], "excluded_lines": []}, "RepositoryPathResolver.validate_paths": {"executed_lines": [], "summary": {"covered_lines": 0, "num_statements": 1, "percent_covered": 0.0, "percent_covered_display": "0", "missing_lines": 1, "excluded_lines": 0}, "missing_lines": [176], "excluded_lines": []}, "RepositoryPathResolver.get_manifest_path": {"executed_lines": [], "summary": {"covered_lines": 0, "num_statements": 1, "percent_covered": 0.0, "percent_covered_display": "0", "missing_lines": 1, "excluded_lines": 0}, "missing_lines": [180], "excluded_lines": []}, "RepositoryPathResolver.__repr__": {"executed_lines": [], "summary": {"covered_lines": 0, "num_statements": 0, "percent_covered": 100.0, "percent_covered_display": "100", "missing_lines": 0, "excluded_lines": 6}, "missing_lines": [], "excluded_lines": [183, 184, 185, 186, 187, 188]}, "get_repo_path": {"executed_lines": [210, 211], "summary": {"covered_lines": 2, "num_statements": 2, "percent_covered": 100.0, "percent_covered_display": "100", "missing_lines": 0, "excluded_lines": 0}, "missing_lines": [], "excluded_lines": []}, "get_repo_path_str": {"executed_lines": [], "summary": {"covered_lines": 0, "num_statements": 1, "percent_covered": 0.0, "percent_covered_display": "0", "missing_lines": 1, "excluded_lines": 0}, "missing_lines": [216], "excluded_lines": []}, "validate_all_paths": {"executed_lines": [], "summary": {"covered_lines": 0, "num_statements": 2, "percent_covered": 0.0, "percent_covered_display": "0", "missing_lines": 2, "excluded_lines": 0}, "missing_lines": [221, 222], "excluded_lines": []}, "get_all_paths": {"executed_lines": [], "summary": {"covered_lines": 0, "num_statements": 2, "percent_covered": 0.0, "percent_covered_display": "0", "missing_lines": 2, "excluded_lines": 0}, "missing_lines": [227, 228], "excluded_lines": []}, "print_paths": {"executed_lines": [], "summary": {"covered_lines": 0, "num_statements": 1, "percent_covered": 0.0, "percent_covered_display": "0", "missing_lines": 1, "excluded_lines": 0}, "missing_lines": [233], "excluded_lines": []}, "": {"executed_lines": [1, 22, 23, 24, 25, 26, 28, 29, 30, 39, 40, 56, 59, 65, 71, 72, 78, 79, 83, 98, 117, 137, 161, 165, 169, 178, 182, 194, 214, 219, 225, 231, 237], "summary": {"covered_lines": 29, "num_statements": 32, "percent_covered": 90.625, "percent_covered_display": "91", "missing_lines": 3, "excluded_lines": 17}, "missing_lines": [31, 32, 33], "excluded_lines": [182, 237, 238, 241, 242, 243, 244, 245, 250, 251, 252, 255, 256, 257, 258, 259, 260]}}, "classes": {"RepositoryPathResolver": {"executed_lines": [67, 68, 69, 74, 75, 76, 86, 92, 93, 94, 101, 102, 105, 106, 107, 112, 113, 114, 115, 119, 122, 123, 124, 127, 128, 129, 131, 132, 150, 159], "summary": {"covered_lines": 30, "num_statements": 43, "percent_covered": 69.76744186046511, "percent_covered_display": "70", "missing_lines": 13, "excluded_lines": 6}, "missing_lines": [81, 96, 108, 109, 120, 134, 135, 151, 155, 163, 167, 176, 180], "excluded_lines": [183, 184, 185, 186, 187, 188]}, "": {"executed_lines": [1, 22, 23, 24, 25, 26, 28, 29, 30, 39, 40, 56, 59, 65, 71, 72, 78, 79, 83, 98, 117, 137, 161, 165, 169, 178, 182, 194, 210, 211, 214, 219, 225, 231, 237], "summary": {"covered_lines": 31, "num_statements": 40, "percent_covered": 77.5, "percent_covered_display": "78", "missing_lines": 9, "excluded_lines": 17}, "missing_lines": [31, 32, 33, 216, 221, 222, 227, 228, 233], "excluded_lines": [182, 237, 238, 241, 242, 243, 244, 245, 250, 251, 252, 255, 256, 257, 258, 259, 260]}}}, "src\\utils\\settings.py": {"executed_lines": [2, 4, 6, 7, 8, 9, 10, 12, 13, 15, 21, 25, 26, 27, 42, 59, 98], "summary": {"covered_lines": 16, "num_statements": 51, "percent_covered": 31.372549019607842, "percent_covered_display": "31", "missing_lines": 35, "excluded_lines": 0}, "missing_lines": [16, 17, 18, 22, 29, 30, 31, 33, 34, 35, 36, 37, 38, 39, 73, 74, 75, 76, 77, 78, 79, 80, 82, 83, 84, 85, 86, 87, 88, 89, 90, 91, 92, 94, 95], "excluded_lines": [], "functions": {"_ensure_scheme": {"executed_lines": [], "summary": {"covered_lines": 0, "num_statements": 1, "percent_covered": 0.0, "percent_covered_display": "0", "missing_lines": 1, "excluded_lines": 0}, "missing_lines": [22], "excluded_lines": []}, "_default_ollama_url": {"executed_lines": [26, 27], "summary": {"covered_lines": 2, "num_statements": 12, "percent_covered": 16.666666666666668, "percent_covered_display": "17", "missing_lines": 10, "excluded_lines": 0}, "missing_lines": [29, 30, 31, 33, 34, 35, 36, 37, 38, 39], "excluded_lines": []}, "load_settings": {"executed_lines": [], "summary": {"covered_lines": 0, "num_statements": 11, "percent_covered": 0.0, "percent_covered_display": "0", "missing_lines": 11, "excluded_lines": 0}, "missing_lines": [73, 74, 75, 76, 77, 78, 79, 80, 82, 94, 95], "excluded_lines": []}, "load_settings.merge": {"executed_lines": [], "summary": {"covered_lines": 0, "num_statements": 10, "percent_covered": 0.0, "percent_covered_display": "0", "missing_lines": 10, "excluded_lines": 0}, "missing_lines": [83, 84, 85, 86, 87, 88, 89, 90, 91, 92], "excluded_lines": []}, "": {"executed_lines": [2, 4, 6, 7, 8, 9, 10, 12, 13, 15, 21, 25, 42, 59, 98], "summary": {"covered_lines": 14, "num_statements": 17, "percent_covered": 82.3529411764706, "percent_covered_display": "82", "missing_lines": 3, "excluded_lines": 0}, "missing_lines": [16, 17, 18], "excluded_lines": []}}, "classes": {"": {"executed_lines": [2, 4, 6, 7, 8, 9, 10, 12, 13, 15, 21, 25, 26, 27, 42, 59, 98], "summary": {"covered_lines": 16, "num_statements": 51, "percent_covered": 31.372549019607842, "percent_covered_display": "31", "missing_lines": 35, "excluded_lines": 0}, "missing_lines": [16, 17, 18, 22, 29, 30, 31, 33, 34, 35, 36, 37, 38, 39, 73, 74, 75, 76, 77, 78, 79, 80, 82, 83, 84, 85, 86, 87, 88, 89, 90, 91, 92, 94, 95], "excluded_lines": []}}}, "src\\utils\\timeout_config.py": {"executed_lines": [1, 14, 16, 18, 21, 22, 23, 24, 34, 49, 50, 51, 61, 82, 87, 94], "summary": {"covered_lines": 15, "num_statements": 48, "percent_covered": 31.25, "percent_covered_display": "31", "missing_lines": 33, "excluded_lines": 0}, "missing_lines": [25, 26, 27, 28, 29, 30, 31, 54, 55, 56, 58, 69, 70, 71, 72, 73, 75, 76, 77, 79, 84, 88, 89, 90, 91, 104, 105, 107, 108, 109, 110, 112, 114], "excluded_lines": [], "functions": {"_env_int": {"executed_lines": [22, 23, 24], "summary": {"covered_lines": 3, "num_statements": 10, "percent_covered": 30.0, "percent_covered_display": "30", "missing_lines": 7, "excluded_lines": 0}, "missing_lines": [25, 26, 27, 28, 29, 30, 31], "excluded_lines": []}, "get_timeout": {"executed_lines": [49, 50, 51], "summary": {"covered_lines": 3, "num_statements": 7, "percent_covered": 42.857142857142854, "percent_covered_display": "43", "missing_lines": 4, "excluded_lines": 0}, "missing_lines": [54, 55, 56, 58], "excluded_lines": []}, "get_http_timeout": {"executed_lines": [], "summary": {"covered_lines": 0, "num_statements": 9, "percent_covered": 0.0, "percent_covered_display": "0", "missing_lines": 9, "excluded_lines": 0}, "missing_lines": [69, 70, 71, 72, 73, 75, 76, 77, 79], "excluded_lines": []}, "get_ollama_max_timeout": {"executed_lines": [], "summary": {"covered_lines": 0, "num_statements": 1, "percent_covered": 0.0, "percent_covered_display": "0", "missing_lines": 1, "excluded_lines": 0}, "missing_lines": [84], "excluded_lines": []}, "ollama_adaptive_enabled": {"executed_lines": [], "summary": {"covered_lines": 0, "num_statements": 4, "percent_covered": 0.0, "percent_covered_display": "0", "missing_lines": 4, "excluded_lines": 0}, "missing_lines": [88, 89, 90, 91], "excluded_lines": []}, "get_adaptive_timeout": {"executed_lines": [], "summary": {"covered_lines": 0, "num_statements": 8, "percent_covered": 0.0, "percent_covered_display": "0", "missing_lines": 8, "excluded_lines": 0}, "missing_lines": [104, 105, 107, 108, 109, 110, 112, 114], "excluded_lines": []}, "": {"executed_lines": [1, 14, 16, 18, 21, 34, 61, 82, 87, 94], "summary": {"covered_lines": 9, "num_statements": 9, "percent_covered": 100.0, "percent_covered_display": "100", "missing_lines": 0, "excluded_lines": 0}, "missing_lines": [], "excluded_lines": []}}, "classes": {"": {"executed_lines": [1, 14, 16, 18, 21, 22, 23, 24, 34, 49, 50, 51, 61, 82, 87, 94], "summary": {"covered_lines": 15, "num_statements": 48, "percent_covered": 31.25, "percent_covered_display": "31", "missing_lines": 33, "excluded_lines": 0}, "missing_lines": [25, 26, 27, 28, 29, 30, 31, 54, 55, 56, 58, 69, 70, 71, 72, 73, 75, 76, 77, 79, 84, 88, 89, 90, 91, 104, 105, 107, 108, 109, 110, 112, 114], "excluded_lines": []}}}}, "totals": {"covered_lines": 1611, "num_statements": 4699, "percent_covered": 34.283890189402, "percent_covered_display": "34", "missing_lines": 3088, "excluded_lines": 161}}
